
【INF】2021-05-15 12:06:25.016
#Msg#HTTP GET /api/values responded 404 in 167.2812 ms
#Pro #{"SourceContext":"Serilog.AspNetCore.RequestLoggingMiddleware","RequestId":"0HM8NAR61CS3N:00000001","ConnectionId":"0HM8NAR61CS3N"}
#Exc#--------------------------------------------------
【INF】2021-05-15 12:07:47.184
#Msg#HTTP OPTIONS /api/Identity/GetTokenByLogin responded 204 in 16.7738 ms
#Pro #{"SourceContext":"Serilog.AspNetCore.RequestLoggingMiddleware","RequestId":"0HM8NAR61CS3O:00000002","ConnectionId":"0HM8NAR61CS3O"}
#Exc#--------------------------------------------------
【INF】2021-05-15 12:07:47.295
#Msg#HTTP POST /api/Identity/GetTokenByLogin responded 307 in 71.8565 ms
#Pro #{"SourceContext":"Serilog.AspNetCore.RequestLoggingMiddleware","RequestId":"0HM8NAR61CS3O:00000003","ConnectionId":"0HM8NAR61CS3O"}
#Exc#--------------------------------------------------
【INF】2021-05-15 12:08:36.110
#Msg#HTTP OPTIONS /api/Identity/GetTokenByLogin responded 204 in 0.1955 ms
#Pro #{"SourceContext":"Serilog.AspNetCore.RequestLoggingMiddleware","RequestId":"0HM8NAR61CS3Q:00000001","ConnectionId":"0HM8NAR61CS3Q"}
#Exc#--------------------------------------------------
【INF】2021-05-15 12:08:39.314
#Msg#ResourceFilter Executing!
#Pro #{"SourceContext":"YC.ServiceWebApi.Filter.AOPResourceFilterAttribute","ActionId":"984d8ccc-316a-4594-bd8f-1c6f264ec33f","ActionName":"YC.ServiceWebApi.Controllers.IdentityController.GetTokenByLogin (YC.ServiceWebApi)","RequestId":"0HM8NAR61CS3Q:00000003","RequestPath":"/api/Identity/GetTokenByLogin","ConnectionId":"0HM8NAR61CS3Q"}
#Exc#--------------------------------------------------
【INF】2021-05-15 12:08:45.994
#Msg#HTTP POST /api/Identity/GetTokenByLogin responded 200 in 9871.9359 ms
#Pro #{"SourceContext":"Serilog.AspNetCore.RequestLoggingMiddleware","RequestId":"0HM8NAR61CS3Q:00000003","ConnectionId":"0HM8NAR61CS3Q"}
#Exc#--------------------------------------------------
【INF】2021-05-15 12:08:48.439
#Msg#HTTP OPTIONS /api/SysDataDictionary/GetSysDataDictionaryList responded 204 in 0.3304 ms
#Pro #{"SourceContext":"Serilog.AspNetCore.RequestLoggingMiddleware","RequestId":"0HM8NAR61CS3Q:00000005","ConnectionId":"0HM8NAR61CS3Q"}
#Exc#--------------------------------------------------
【INF】2021-05-15 12:08:48.497
#Msg#ResourceFilter Executing!
#Pro #{"SourceContext":"YC.ServiceWebApi.Filter.AOPResourceFilterAttribute","ActionId":"40f64fff-f17b-4474-9e56-fedec4ea370c","ActionName":"YC.ApplicationService.SysDataDictionaryAppService.GetSysDataDictionaryListAsync (YC.ApplicationService)","RequestId":"0HM8NAR61CS3Q:00000007","RequestPath":"/api/SysDataDictionary/GetSysDataDictionaryList","ConnectionId":"0HM8NAR61CS3Q"}
#Exc#--------------------------------------------------
【INF】2021-05-15 12:35:08.411
#Msg#HTTP GET /api/values responded 404 in 178.4605 ms
#Pro #{"SourceContext":"Serilog.AspNetCore.RequestLoggingMiddleware","RequestId":"0HM8NBB8HJGE8:00000001","ConnectionId":"0HM8NBB8HJGE8"}
#Exc#--------------------------------------------------
【INF】2021-05-15 12:35:10.994
#Msg#HTTP OPTIONS /api/Identity/GetTokenByLogin responded 204 in 4.7778 ms
#Pro #{"SourceContext":"Serilog.AspNetCore.RequestLoggingMiddleware","RequestId":"0HM8NBB8HJGE9:00000001","ConnectionId":"0HM8NBB8HJGE9"}
#Exc#--------------------------------------------------
【INF】2021-05-15 12:35:14.173
#Msg#ResourceFilter Executing!
#Pro #{"SourceContext":"YC.ServiceWebApi.Filter.AOPResourceFilterAttribute","ActionId":"228e9e03-132b-436c-a05b-c25a78ee63b3","ActionName":"YC.ServiceWebApi.Controllers.IdentityController.GetTokenByLogin (YC.ServiceWebApi)","RequestId":"0HM8NBB8HJGE9:00000003","RequestPath":"/api/Identity/GetTokenByLogin","ConnectionId":"0HM8NBB8HJGE9"}
#Exc#--------------------------------------------------
【INF】2021-05-15 12:35:29.213
#Msg#HTTP POST /api/Identity/GetTokenByLogin responded 200 in 18198.6361 ms
#Pro #{"SourceContext":"Serilog.AspNetCore.RequestLoggingMiddleware","RequestId":"0HM8NBB8HJGE9:00000003","ConnectionId":"0HM8NBB8HJGE9"}
#Exc#--------------------------------------------------
【INF】2021-05-15 12:35:43.271
#Msg#HTTP OPTIONS /api/Identity/GetTokenByLogin responded 204 in 0.2929 ms
#Pro #{"SourceContext":"Serilog.AspNetCore.RequestLoggingMiddleware","RequestId":"0HM8NBB8HJGE9:00000005","ConnectionId":"0HM8NBB8HJGE9"}
#Exc#--------------------------------------------------
【INF】2021-05-15 12:35:43.282
#Msg#ResourceFilter Executing!
#Pro #{"SourceContext":"YC.ServiceWebApi.Filter.AOPResourceFilterAttribute","ActionId":"228e9e03-132b-436c-a05b-c25a78ee63b3","ActionName":"YC.ServiceWebApi.Controllers.IdentityController.GetTokenByLogin (YC.ServiceWebApi)","RequestId":"0HM8NBB8HJGE9:00000007","RequestPath":"/api/Identity/GetTokenByLogin","ConnectionId":"0HM8NBB8HJGE9"}
#Exc#--------------------------------------------------
【INF】2021-05-15 12:36:50.819
#Msg#HTTP GET /api/values responded 404 in 128.3467 ms
#Pro #{"SourceContext":"Serilog.AspNetCore.RequestLoggingMiddleware","RequestId":"0HM8NBC740DAJ:00000001","ConnectionId":"0HM8NBC740DAJ"}
#Exc#--------------------------------------------------
【INF】2021-05-15 12:48:47.264
#Msg#HTTP GET /api/values responded 404 in 144.9805 ms
#Pro #{"SourceContext":"Serilog.AspNetCore.RequestLoggingMiddleware","RequestId":"0HM8NBISI2D4O:00000001","ConnectionId":"0HM8NBISI2D4O"}
#Exc#--------------------------------------------------
【INF】2021-05-15 12:49:30.288
#Msg#HTTP OPTIONS /api/Identity/GetTokenByLogin responded 204 in 5.6814 ms
#Pro #{"SourceContext":"Serilog.AspNetCore.RequestLoggingMiddleware","RequestId":"0HM8NBISI2D4P:00000001","ConnectionId":"0HM8NBISI2D4P"}
#Exc#--------------------------------------------------
【INF】2021-05-15 12:49:32.923
#Msg#ResourceFilter Executing!
#Pro #{"SourceContext":"YC.ServiceWebApi.Filter.AOPResourceFilterAttribute","ActionId":"d41f7297-5a86-4f73-b5d5-4ed11199b720","ActionName":"YC.ServiceWebApi.Controllers.IdentityController.GetTokenByLogin (YC.ServiceWebApi)","RequestId":"0HM8NBISI2D4P:00000003","RequestPath":"/api/Identity/GetTokenByLogin","ConnectionId":"0HM8NBISI2D4P"}
#Exc#--------------------------------------------------
【INF】2021-05-15 12:57:27.589
#Msg#HTTP GET /api/values responded 404 in 122.1701 ms
#Pro #{"SourceContext":"Serilog.AspNetCore.RequestLoggingMiddleware","RequestId":"0HM8NBNNMQJ5T:00000001","ConnectionId":"0HM8NBNNMQJ5T"}
#Exc#--------------------------------------------------
【INF】2021-05-15 12:57:43.748
#Msg#HTTP OPTIONS /api/Identity/GetTokenByLogin responded 204 in 9.4657 ms
#Pro #{"SourceContext":"Serilog.AspNetCore.RequestLoggingMiddleware","RequestId":"0HM8NBNNMQJ5U:00000001","ConnectionId":"0HM8NBNNMQJ5U"}
#Exc#--------------------------------------------------
【INF】2021-05-15 12:57:46.450
#Msg#ResourceFilter Executing!
#Pro #{"SourceContext":"YC.ServiceWebApi.Filter.AOPResourceFilterAttribute","ActionId":"82841d40-5578-4470-99cf-0e4acbd15fc9","ActionName":"YC.ServiceWebApi.Controllers.IdentityController.GetTokenByLogin (YC.ServiceWebApi)","RequestId":"0HM8NBNNMQJ5U:00000003","RequestPath":"/api/Identity/GetTokenByLogin","ConnectionId":"0HM8NBNNMQJ5U"}
#Exc#--------------------------------------------------
【INF】2021-05-15 12:59:54.546
#Msg#HTTP GET /api/values responded 404 in 156.1745 ms
#Pro #{"SourceContext":"Serilog.AspNetCore.RequestLoggingMiddleware","RequestId":"0HM8NBP3FL8A1:00000001","ConnectionId":"0HM8NBP3FL8A1"}
#Exc#--------------------------------------------------
【INF】2021-05-15 13:00:44.219
#Msg#HTTP OPTIONS /api/Identity/GetTokenByLogin responded 204 in 4.1453 ms
#Pro #{"SourceContext":"Serilog.AspNetCore.RequestLoggingMiddleware","RequestId":"0HM8NBP3FL8A2:00000001","ConnectionId":"0HM8NBP3FL8A2"}
#Exc#--------------------------------------------------
【INF】2021-05-15 13:00:46.753
#Msg#ResourceFilter Executing!
#Pro #{"SourceContext":"YC.ServiceWebApi.Filter.AOPResourceFilterAttribute","ActionId":"40002c21-5c8f-4a1d-be20-18c22697e890","ActionName":"YC.ServiceWebApi.Controllers.IdentityController.GetTokenByLogin (YC.ServiceWebApi)","RequestId":"0HM8NBP3FL8A2:00000003","RequestPath":"/api/Identity/GetTokenByLogin","ConnectionId":"0HM8NBP3FL8A2"}
#Exc#--------------------------------------------------
【INF】2021-05-15 13:02:22.061
#Msg#HTTP POST /api/Identity/GetTokenByLogin responded 200 in 97821.7934 ms
#Pro #{"SourceContext":"Serilog.AspNetCore.RequestLoggingMiddleware","RequestId":"0HM8NBP3FL8A2:00000003","ConnectionId":"0HM8NBP3FL8A2"}
#Exc#--------------------------------------------------
【INF】2021-05-15 13:02:46.581
#Msg#HTTP GET /api/values responded 404 in 158.3407 ms
#Pro #{"SourceContext":"Serilog.AspNetCore.RequestLoggingMiddleware","RequestId":"0HM8NBQMPP61M:00000001","ConnectionId":"0HM8NBQMPP61M"}
#Exc#--------------------------------------------------
【INF】2021-05-15 13:02:53.250
#Msg#HTTP OPTIONS /api/Identity/GetTokenByLogin responded 204 in 4.7241 ms
#Pro #{"SourceContext":"Serilog.AspNetCore.RequestLoggingMiddleware","RequestId":"0HM8NBQMPP61N:00000001","ConnectionId":"0HM8NBQMPP61N"}
#Exc#--------------------------------------------------
【INF】2021-05-15 13:02:55.804
#Msg#ResourceFilter Executing!
#Pro #{"SourceContext":"YC.ServiceWebApi.Filter.AOPResourceFilterAttribute","ActionId":"b2e02908-306c-4616-85c7-e5c9c9186ce7","ActionName":"YC.ServiceWebApi.Controllers.IdentityController.GetTokenByLogin (YC.ServiceWebApi)","RequestId":"0HM8NBQMPP61N:00000003","RequestPath":"/api/Identity/GetTokenByLogin","ConnectionId":"0HM8NBQMPP61N"}
#Exc#--------------------------------------------------
【INF】2021-05-15 13:03:34.277
#Msg#HTTP POST /api/Identity/GetTokenByLogin responded 200 in 41006.8340 ms
#Pro #{"SourceContext":"Serilog.AspNetCore.RequestLoggingMiddleware","RequestId":"0HM8NBQMPP61N:00000003","ConnectionId":"0HM8NBQMPP61N"}
#Exc#--------------------------------------------------
【INF】2021-05-15 13:03:38.649
#Msg#HTTP OPTIONS /api/SysDataDictionary/GetSysDataDictionaryList responded 204 in 0.7309 ms
#Pro #{"SourceContext":"Serilog.AspNetCore.RequestLoggingMiddleware","RequestId":"0HM8NBQMPP61N:00000005","ConnectionId":"0HM8NBQMPP61N"}
#Exc#--------------------------------------------------
【INF】2021-05-15 13:03:38.714
#Msg#ResourceFilter Executing!
#Pro #{"SourceContext":"YC.ServiceWebApi.Filter.AOPResourceFilterAttribute","ActionId":"8729fb1c-fc23-4917-92f6-5818bc60443b","ActionName":"YC.ApplicationService.SysDataDictionaryAppService.GetSysDataDictionaryListAsync (YC.ApplicationService)","RequestId":"0HM8NBQMPP61N:00000007","RequestPath":"/api/SysDataDictionary/GetSysDataDictionaryList","ConnectionId":"0HM8NBQMPP61N"}
#Exc#--------------------------------------------------
【INF】2021-05-15 13:04:11.568
#Msg#HTTP POST /api/SysDataDictionary/GetSysDataDictionaryList responded 200 in 32887.2595 ms
#Pro #{"SourceContext":"Serilog.AspNetCore.RequestLoggingMiddleware","RequestId":"0HM8NBQMPP61N:00000007","ConnectionId":"0HM8NBQMPP61N"}
#Exc#--------------------------------------------------
【INF】2021-05-15 13:09:10.615
#Msg#HTTP GET /api/values responded 404 in 126.7814 ms
#Pro #{"SourceContext":"Serilog.AspNetCore.RequestLoggingMiddleware","RequestId":"0HM8NBU9832L2:00000001","ConnectionId":"0HM8NBU9832L2"}
#Exc#--------------------------------------------------
【INF】2021-05-15 13:09:43.243
#Msg#HTTP OPTIONS /api/SysDataDictionary/GetSysDataDictionaryList responded 204 in 5.4026 ms
#Pro #{"SourceContext":"Serilog.AspNetCore.RequestLoggingMiddleware","RequestId":"0HM8NBU9832L3:00000001","ConnectionId":"0HM8NBU9832L3"}
#Exc#--------------------------------------------------
【INF】2021-05-15 13:09:51.168
#Msg#HTTP POST /api/SysDataDictionary/GetSysDataDictionaryList responded 200 in 7914.5914 ms
#Pro #{"SourceContext":"Serilog.AspNetCore.RequestLoggingMiddleware","RequestId":"0HM8NBU9832L3:00000003","ConnectionId":"0HM8NBU9832L3"}
#Exc#--------------------------------------------------
【INF】2021-05-15 13:09:53.979
#Msg#HTTP OPTIONS /api/Identity/GetTokenByLogin responded 204 in 0.2590 ms
#Pro #{"SourceContext":"Serilog.AspNetCore.RequestLoggingMiddleware","RequestId":"0HM8NBU9832L3:00000005","ConnectionId":"0HM8NBU9832L3"}
#Exc#--------------------------------------------------
【INF】2021-05-15 13:09:56.487
#Msg#ResourceFilter Executing!
#Pro #{"SourceContext":"YC.ServiceWebApi.Filter.AOPResourceFilterAttribute","ActionId":"72a9a724-b9fe-4f4f-86d3-6ef256de6b74","ActionName":"YC.ServiceWebApi.Controllers.IdentityController.GetTokenByLogin (YC.ServiceWebApi)","RequestId":"0HM8NBU9832L3:00000007","RequestPath":"/api/Identity/GetTokenByLogin","ConnectionId":"0HM8NBU9832L3"}
#Exc#--------------------------------------------------
【INF】2021-05-15 13:10:03.197
#Msg#HTTP POST /api/Identity/GetTokenByLogin responded 200 in 9209.8710 ms
#Pro #{"SourceContext":"Serilog.AspNetCore.RequestLoggingMiddleware","RequestId":"0HM8NBU9832L3:00000007","ConnectionId":"0HM8NBU9832L3"}
#Exc#--------------------------------------------------
【INF】2021-05-15 13:14:03.445
#Msg#HTTP GET /api/values responded 404 in 152.0698 ms
#Pro #{"SourceContext":"Serilog.AspNetCore.RequestLoggingMiddleware","RequestId":"0HM8NC10G987F:00000001","ConnectionId":"0HM8NC10G987F"}
#Exc#--------------------------------------------------
【INF】2021-05-15 13:14:17.118
#Msg#HTTP OPTIONS /api/Identity/GetTokenByLogin responded 204 in 5.8441 ms
#Pro #{"SourceContext":"Serilog.AspNetCore.RequestLoggingMiddleware","RequestId":"0HM8NC10G987G:00000001","ConnectionId":"0HM8NC10G987G"}
#Exc#--------------------------------------------------
【INF】2021-05-15 13:14:19.663
#Msg#ResourceFilter Executing!
#Pro #{"SourceContext":"YC.ServiceWebApi.Filter.AOPResourceFilterAttribute","ActionId":"882db963-cc98-4c82-8848-7a5c22ba2532","ActionName":"YC.ServiceWebApi.Controllers.IdentityController.GetTokenByLogin (YC.ServiceWebApi)","RequestId":"0HM8NC10G987G:00000003","RequestPath":"/api/Identity/GetTokenByLogin","ConnectionId":"0HM8NC10G987G"}
#Exc#--------------------------------------------------
【INF】2021-05-15 13:14:53.755
#Msg#HTTP POST /api/Identity/GetTokenByLogin responded 200 in 36619.5934 ms
#Pro #{"SourceContext":"Serilog.AspNetCore.RequestLoggingMiddleware","RequestId":"0HM8NC10G987G:00000003","ConnectionId":"0HM8NC10G987G"}
#Exc#--------------------------------------------------
【INF】2021-05-15 13:20:09.165
#Msg#HTTP GET /api/values responded 404 in 184.7448 ms
#Pro #{"SourceContext":"Serilog.AspNetCore.RequestLoggingMiddleware","RequestId":"0HM8NC4DEH3FQ:00000001","ConnectionId":"0HM8NC4DEH3FQ"}
#Exc#--------------------------------------------------
【INF】2021-05-15 13:20:38.365
#Msg#HTTP OPTIONS /api/Identity/GetTokenByLogin responded 204 in 6.1307 ms
#Pro #{"SourceContext":"Serilog.AspNetCore.RequestLoggingMiddleware","RequestId":"0HM8NC4DEH3FR:00000001","ConnectionId":"0HM8NC4DEH3FR"}
#Exc#--------------------------------------------------
【INF】2021-05-15 13:20:41.023
#Msg#ResourceFilter Executing!
#Pro #{"SourceContext":"YC.ServiceWebApi.Filter.AOPResourceFilterAttribute","ActionId":"3db4807f-8f07-4152-b6aa-27ca446eb30b","ActionName":"YC.ServiceWebApi.Controllers.IdentityController.GetTokenByLogin (YC.ServiceWebApi)","RequestId":"0HM8NC4DEH3FR:00000003","RequestPath":"/api/Identity/GetTokenByLogin","ConnectionId":"0HM8NC4DEH3FR"}
#Exc#--------------------------------------------------
【INF】2021-05-15 13:26:23.587
#Msg#HTTP GET /api/values responded 404 in 148.1686 ms
#Pro #{"SourceContext":"Serilog.AspNetCore.RequestLoggingMiddleware","RequestId":"0HM8NC7SVB69G:00000001","ConnectionId":"0HM8NC7SVB69G"}
#Exc#--------------------------------------------------
【INF】2021-05-15 13:26:31.440
#Msg#HTTP OPTIONS /api/Identity/GetTokenByLogin responded 204 in 7.1825 ms
#Pro #{"SourceContext":"Serilog.AspNetCore.RequestLoggingMiddleware","RequestId":"0HM8NC7SVB69H:00000001","ConnectionId":"0HM8NC7SVB69H"}
#Exc#--------------------------------------------------
【INF】2021-05-15 13:26:34.398
#Msg#ResourceFilter Executing!
#Pro #{"SourceContext":"YC.ServiceWebApi.Filter.AOPResourceFilterAttribute","ActionId":"ce645101-8699-415f-97d9-954a56c6b9de","ActionName":"YC.ServiceWebApi.Controllers.IdentityController.GetTokenByLogin (YC.ServiceWebApi)","RequestId":"0HM8NC7SVB69H:00000003","RequestPath":"/api/Identity/GetTokenByLogin","ConnectionId":"0HM8NC7SVB69H"}
#Exc#--------------------------------------------------
【INF】2021-05-15 13:26:47.268
#Msg#HTTP POST /api/Identity/GetTokenByLogin responded 200 in 15798.4948 ms
#Pro #{"SourceContext":"Serilog.AspNetCore.RequestLoggingMiddleware","RequestId":"0HM8NC7SVB69H:00000003","ConnectionId":"0HM8NC7SVB69H"}
#Exc#--------------------------------------------------
【INF】2021-05-15 13:26:49.951
#Msg#HTTP OPTIONS /api/Identity/GetTokenByLogin responded 204 in 0.2594 ms
#Pro #{"SourceContext":"Serilog.AspNetCore.RequestLoggingMiddleware","RequestId":"0HM8NC7SVB69H:00000005","ConnectionId":"0HM8NC7SVB69H"}
#Exc#--------------------------------------------------
【INF】2021-05-15 13:26:50.023
#Msg#ResourceFilter Executing!
#Pro #{"SourceContext":"YC.ServiceWebApi.Filter.AOPResourceFilterAttribute","ActionId":"ce645101-8699-415f-97d9-954a56c6b9de","ActionName":"YC.ServiceWebApi.Controllers.IdentityController.GetTokenByLogin (YC.ServiceWebApi)","RequestId":"0HM8NC7SVB69H:00000007","RequestPath":"/api/Identity/GetTokenByLogin","ConnectionId":"0HM8NC7SVB69H"}
#Exc#--------------------------------------------------
【INF】2021-05-15 13:29:14.276
#Msg#HTTP GET /api/values responded 404 in 162.2607 ms
#Pro #{"SourceContext":"Serilog.AspNetCore.RequestLoggingMiddleware","RequestId":"0HM8NC9FTMQ0O:00000001","ConnectionId":"0HM8NC9FTMQ0O"}
#Exc#--------------------------------------------------
【INF】2021-05-15 13:29:21.336
#Msg#HTTP OPTIONS /api/Identity/GetTokenByLogin responded 204 in 6.5380 ms
#Pro #{"SourceContext":"Serilog.AspNetCore.RequestLoggingMiddleware","RequestId":"0HM8NC9FTMQ0P:00000001","ConnectionId":"0HM8NC9FTMQ0P"}
#Exc#--------------------------------------------------
【INF】2021-05-15 13:29:24.315
#Msg#ResourceFilter Executing!
#Pro #{"SourceContext":"YC.ServiceWebApi.Filter.AOPResourceFilterAttribute","ActionId":"99573d04-e1ac-4160-a771-393643e400c3","ActionName":"YC.ServiceWebApi.Controllers.IdentityController.GetTokenByLogin (YC.ServiceWebApi)","RequestId":"0HM8NC9FTMQ0P:00000003","RequestPath":"/api/Identity/GetTokenByLogin","ConnectionId":"0HM8NC9FTMQ0P"}
#Exc#--------------------------------------------------
【INF】2021-05-15 13:29:47.421
#Msg#HTTP POST /api/Identity/GetTokenByLogin responded 200 in 26071.8764 ms
#Pro #{"SourceContext":"Serilog.AspNetCore.RequestLoggingMiddleware","RequestId":"0HM8NC9FTMQ0P:00000003","ConnectionId":"0HM8NC9FTMQ0P"}
#Exc#--------------------------------------------------
【INF】2021-05-15 13:29:50.106
#Msg#HTTP OPTIONS /api/Identity/GetTokenByLogin responded 204 in 0.1883 ms
#Pro #{"SourceContext":"Serilog.AspNetCore.RequestLoggingMiddleware","RequestId":"0HM8NC9FTMQ0P:00000005","ConnectionId":"0HM8NC9FTMQ0P"}
#Exc#--------------------------------------------------
【INF】2021-05-15 13:29:50.139
#Msg#ResourceFilter Executing!
#Pro #{"SourceContext":"YC.ServiceWebApi.Filter.AOPResourceFilterAttribute","ActionId":"99573d04-e1ac-4160-a771-393643e400c3","ActionName":"YC.ServiceWebApi.Controllers.IdentityController.GetTokenByLogin (YC.ServiceWebApi)","RequestId":"0HM8NC9FTMQ0P:00000007","RequestPath":"/api/Identity/GetTokenByLogin","ConnectionId":"0HM8NC9FTMQ0P"}
#Exc#--------------------------------------------------
【INF】2021-05-15 13:30:25.860
#Msg#HTTP POST /api/Identity/GetTokenByLogin responded 200 in 35727.5491 ms
#Pro #{"SourceContext":"Serilog.AspNetCore.RequestLoggingMiddleware","RequestId":"0HM8NC9FTMQ0P:00000007","ConnectionId":"0HM8NC9FTMQ0P"}
#Exc#--------------------------------------------------
【INF】2021-05-15 13:30:49.715
#Msg#HTTP GET /api/values responded 404 in 164.4689 ms
#Pro #{"SourceContext":"Serilog.AspNetCore.RequestLoggingMiddleware","RequestId":"0HM8NCACAO4K9:00000001","ConnectionId":"0HM8NCACAO4K9"}
#Exc#--------------------------------------------------
【INF】2021-05-15 13:32:19.237
#Msg#HTTP OPTIONS /api/Identity/GetTokenByLogin responded 204 in 4.4202 ms
#Pro #{"SourceContext":"Serilog.AspNetCore.RequestLoggingMiddleware","RequestId":"0HM8NCACAO4KA:00000001","ConnectionId":"0HM8NCACAO4KA"}
#Exc#--------------------------------------------------
【INF】2021-05-15 13:32:21.717
#Msg#ResourceFilter Executing!
#Pro #{"SourceContext":"YC.ServiceWebApi.Filter.AOPResourceFilterAttribute","ActionId":"f9786b11-0c31-4ce5-9678-bd53fc33150b","ActionName":"YC.ServiceWebApi.Controllers.IdentityController.GetTokenByLogin (YC.ServiceWebApi)","RequestId":"0HM8NCACAO4KA:00000003","RequestPath":"/api/Identity/GetTokenByLogin","ConnectionId":"0HM8NCACAO4KA"}
#Exc#--------------------------------------------------
【INF】2021-05-15 13:32:32.096
#Msg#HTTP POST /api/Identity/GetTokenByLogin responded 200 in 12841.4455 ms
#Pro #{"SourceContext":"Serilog.AspNetCore.RequestLoggingMiddleware","RequestId":"0HM8NCACAO4KA:00000003","ConnectionId":"0HM8NCACAO4KA"}
#Exc#--------------------------------------------------
【INF】2021-05-15 13:32:43.137
#Msg#HTTP OPTIONS /api/SysDataDictionary/GetSysDataDictionaryList responded 204 in 0.6133 ms
#Pro #{"SourceContext":"Serilog.AspNetCore.RequestLoggingMiddleware","RequestId":"0HM8NCACAO4KA:00000005","ConnectionId":"0HM8NCACAO4KA"}
#Exc#--------------------------------------------------
【INF】2021-05-15 13:32:43.170
#Msg#ResourceFilter Executing!
#Pro #{"SourceContext":"YC.ServiceWebApi.Filter.AOPResourceFilterAttribute","ActionId":"0bd3cb30-69bf-4daf-b479-321e637415fd","ActionName":"YC.ApplicationService.SysDataDictionaryAppService.GetSysDataDictionaryListAsync (YC.ApplicationService)","RequestId":"0HM8NCACAO4KA:00000007","RequestPath":"/api/SysDataDictionary/GetSysDataDictionaryList","ConnectionId":"0HM8NCACAO4KA"}
#Exc#--------------------------------------------------
【INF】2021-05-15 13:32:47.664
#Msg#HTTP POST /api/SysDataDictionary/GetSysDataDictionaryList responded 200 in 4519.3680 ms
#Pro #{"SourceContext":"Serilog.AspNetCore.RequestLoggingMiddleware","RequestId":"0HM8NCACAO4KA:00000007","ConnectionId":"0HM8NCACAO4KA"}
#Exc#--------------------------------------------------
【INF】2021-05-15 13:35:05.092
#Msg#HTTP OPTIONS /api/SysAuditLog/GetPageSysAuditLogList responded 204 in 0.6935 ms
#Pro #{"SourceContext":"Serilog.AspNetCore.RequestLoggingMiddleware","RequestId":"0HM8NCACAO4KA:00000009","ConnectionId":"0HM8NCACAO4KA"}
#Exc#--------------------------------------------------
【INF】2021-05-15 13:35:05.232
#Msg#ResourceFilter Executing!
#Pro #{"SourceContext":"YC.ServiceWebApi.Filter.AOPResourceFilterAttribute","ActionId":"3ea21506-cc9d-435b-a3a2-96b5302e1802","ActionName":"YC.ApplicationService.SysAuditLogAppService.GetPageSysAuditLogListAsync (YC.ApplicationService)","RequestId":"0HM8NCACAO4KA:0000000B","RequestPath":"/api/SysAuditLog/GetPageSysAuditLogList","ConnectionId":"0HM8NCACAO4KA"}
#Exc#--------------------------------------------------
【INF】2021-05-15 13:35:09.771
#Msg#HTTP POST /api/SysAuditLog/GetPageSysAuditLogList responded 200 in 4673.2312 ms
#Pro #{"SourceContext":"Serilog.AspNetCore.RequestLoggingMiddleware","RequestId":"0HM8NCACAO4KA:0000000B","ConnectionId":"0HM8NCACAO4KA"}
#Exc#--------------------------------------------------
【INF】2021-05-15 13:35:15.758
#Msg#HTTP OPTIONS /api/SysAuditLog/Get?id=133 responded 204 in 0.1545 ms
#Pro #{"SourceContext":"Serilog.AspNetCore.RequestLoggingMiddleware","RequestId":"0HM8NCACAO4KA:0000000D","ConnectionId":"0HM8NCACAO4KA"}
#Exc#--------------------------------------------------
【INF】2021-05-15 13:35:15.778
#Msg#ResourceFilter Executing!
#Pro #{"SourceContext":"YC.ServiceWebApi.Filter.AOPResourceFilterAttribute","ActionId":"8b2304de-c735-42c4-902f-fbfa33c79ed5","ActionName":"YC.ApplicationService.SysAuditLogAppService.GetAsync (YC.ApplicationService)","RequestId":"0HM8NCACAO4KA:0000000F","RequestPath":"/api/SysAuditLog/Get","ConnectionId":"0HM8NCACAO4KA"}
#Exc#--------------------------------------------------
【INF】2021-05-15 13:35:21.104
#Msg#HTTP GET /api/SysAuditLog/Get?id=133 responded 200 in 5338.7997 ms
#Pro #{"SourceContext":"Serilog.AspNetCore.RequestLoggingMiddleware","RequestId":"0HM8NCACAO4KA:0000000F","ConnectionId":"0HM8NCACAO4KA"}
#Exc#--------------------------------------------------