
【ERR】2021-05-05 12:33:05.941
#Msg#StackExchange.Redis.RedisTimeoutException: Timeout performing EXISTS RedisCACHE_USER_ROLE_PEMISSION_tenantId_1_userId_1, inst: 1, queue: 2, qu: 0, qs: 2, qc: 0, wr: 0, wq: 0, in: 0, ar: 0, clientName: DESKTOP-RBUSQQ3, serverEndpoint: 127.0.0.1:6379, keyHashSlot: 8946 (Please take a look at this article for some common client-side issues that can cause timeouts: http://stackexchange.github.io/StackExchange.Redis/Timeouts)
   at StackExchange.Redis.ConnectionMultiplexer.ExecuteSyncImpl[T](Message message, ResultProcessor`1 processor, ServerEndPoint server) in c:\code\StackExchange.Redis\StackExchange.Redis\StackExchange\Redis\ConnectionMultiplexer.cs:line 2120
   at StackExchange.Redis.RedisBase.ExecuteSync[T](Message message, ResultProcessor`1 processor, ServerEndPoint server) in c:\code\StackExchange.Redis\StackExchange.Redis\StackExchange\Redis\RedisBase.cs:line 81
   at StackExchange.Redis.RedisDatabase.KeyExists(RedisKey key, CommandFlags flags) in c:\code\StackExchange.Redis\StackExchange.Redis\StackExchange\Redis\RedisDatabase.cs:line 593
   at YC.Cache.Redis.RedisCacheManager.Exists(String key) in H:\Code\giteeCode\MicroServicePro\src\Module\YC.Cache.Redis\RedisCacheManager.cs:line 45
   at YC.ApplicationService.UserManager.CreateUserRolePermissionCache(UserRolePermissionDto input) in H:\Code\giteeCode\MicroServicePro\src\BasicAppLayer\YC.ApplicationService\AppManager\UserManager.cs:line 78
   at YC.ApplicationService.UserManager.UserLogin(String userId, String pwd, Int32 tenantId) in H:\Code\giteeCode\MicroServicePro\src\BasicAppLayer\YC.ApplicationService\AppManager\UserManager.cs:line 61
   at YC.ServiceWebApi.Controllers.IdentityController.GetTokenByLogin(LoginUserDto loginUserDto) in H:\Code\giteeCode\MicroServicePro\src\BasicAppLayer\YC.ServiceWebApi\Controllers\IdentityController.cs:line 56
   at lambda_method572(Closure , Object , Object[] )
   at Microsoft.AspNetCore.Mvc.Infrastructure.ActionMethodExecutor.SyncActionResultExecutor.Execute(IActionResultTypeMapper mapper, ObjectMethodExecutor executor, Object controller, Object[] arguments)
   at Microsoft.AspNetCore.Mvc.Infrastructure.ControllerActionInvoker.<InvokeActionMethodAsync>g__Logged|12_1(ControllerActionInvoker invoker)
   at Microsoft.AspNetCore.Mvc.Infrastructure.ControllerActionInvoker.<InvokeNextActionFilterAsync>g__Awaited|10_0(ControllerActionInvoker invoker, Task lastTask, State next, Scope scope, Object state, Boolean isCompleted)
   at Microsoft.AspNetCore.Mvc.Infrastructure.ControllerActionInvoker.Rethrow(ActionExecutedContextSealed context)
   at Microsoft.AspNetCore.Mvc.Infrastructure.ControllerActionInvoker.Next(State& next, Scope& scope, Object& state, Boolean& isCompleted)
   at Microsoft.AspNetCore.Mvc.Infrastructure.ControllerActionInvoker.InvokeInnerFilterAsync()
--- End of stack trace from previous location ---
   at Microsoft.AspNetCore.Mvc.Infrastructure.ResourceInvoker.<InvokeNextResourceFilter>g__Awaited|24_0(ResourceInvoker invoker, Task lastTask, State next, Scope scope, Object state, Boolean isCompleted)
   at Microsoft.AspNetCore.Mvc.Infrastructure.ResourceInvoker.Rethrow(ResourceExecutedContextSealed context)
   at Microsoft.AspNetCore.Mvc.Infrastructure.ResourceInvoker.Next(State& next, Scope& scope, Object& state, Boolean& isCompleted)
   at Microsoft.AspNetCore.Mvc.Infrastructure.ResourceInvoker.InvokeFilterPipelineAsync()
--- End of stack trace from previous location ---
   at Microsoft.AspNetCore.Mvc.Infrastructure.ResourceInvoker.<InvokeAsync>g__Logged|17_1(ResourceInvoker invoker)
   at Microsoft.AspNetCore.Routing.EndpointMiddleware.<Invoke>g__AwaitRequestTask|6_0(Endpoint endpoint, Task requestTask, ILogger logger)
   at YC.ServiceWebApi.Middleware.ExceptionMiddleware.Invoke(HttpContext context) in H:\Code\giteeCode\MicroServicePro\src\BasicAppLayer\YC.ServiceWebApi\Middleware\ExceptionMiddleware.cs:line 35
#Pro #{"SourceContext":"YC.ServiceWebApi.Middleware.ExceptionMiddleware","RequestId":"0HM8FFQQA4GFF:00000003","RequestPath":"/api/Identity/GetTokenByLogin","ConnectionId":"0HM8FFQQA4GFF"}
#Exc#--------------------------------------------------
【ERR】2021-05-05 12:36:25.574
#Msg#System.Exception: Field 'Id' doesn't have a default value
 ---> MySql.Data.MySqlClient.MySqlException (0x80004005): Field 'Id' doesn't have a default value
   at MySql.Data.MySqlClient.MySqlStream.ReadPacket()
   at MySql.Data.MySqlClient.NativeDriver.GetResult(Int32& affectedRow, Int64& insertedId)
   at MySql.Data.MySqlClient.Driver.GetResult(Int32 statementId, Int32& affectedRows, Int64& insertedId)
   at MySql.Data.MySqlClient.Driver.NextResult(Int32 statementId, Boolean force)
   at MySql.Data.MySqlClient.MySqlDataReader.NextResult()
   at MySql.Data.MySqlClient.MySqlCommand.ExecuteReader(CommandBehavior behavior)
   at MySql.Data.MySqlClient.MySqlCommand.ExecuteReader()
   at MySql.Data.MySqlClient.MySqlCommand.ExecuteScalar()
   at System.Data.Common.DbCommand.ExecuteScalarAsync(CancellationToken cancellationToken)
--- End of stack trace from previous location ---
   at FreeSql.Internal.CommonProvider.AdoProvider.ExecuteScalarAsync(DbConnection connection, DbTransaction transaction, CommandType cmdType, String cmdText, Int32 cmdTimeout, DbParameter[] cmdParms, CancellationToken cancellationToken)
   --- End of inner exception stack trace ---
   at FreeSql.Internal.CommonProvider.AdoProvider.LoggerException(IObjectPool`1 pool, PrepareCommandResult pc, Exception ex, DateTime dt, StringBuilder logtxt, Boolean isThrowException)
   at FreeSql.Internal.CommonProvider.AdoProvider.ExecuteScalarAsync(DbConnection connection, DbTransaction transaction, CommandType cmdType, String cmdText, Int32 cmdTimeout, DbParameter[] cmdParms, CancellationToken cancellationToken)
   at FreeSql.MySql.Curd.MySqlInsert`1.RawExecuteIdentityAsync(CancellationToken cancellationToken)
   at FreeSql.Internal.CommonProvider.InsertProvider`1.SplitExecuteIdentityAsync(Int32 valuesLimit, Int32 parameterLimit, CancellationToken cancellationToken)
   at FreeSql.DbSet`1.AddPrivAsync(TEntity data, Boolean isCheck, CancellationToken cancellationToken)
   at FreeSql.BaseRepository`1.InsertAsync(TEntity entity, CancellationToken cancellationToken)
   at YC.ApplicationService.SysPermissionAppService.CreateSysPermissionAsync(SysPermissionAddOrEditDto input) in H:\Code\giteeCode\MicroServicePro\src\BasicAppLayer\YC.ApplicationService\ApplicationService\SysPermissionAppService\SysPermissionAppService.cs:line 97
   at lambda_method851(Closure , Object )
   at Microsoft.AspNetCore.Mvc.Infrastructure.ActionMethodExecutor.AwaitableObjectResultExecutor.Execute(IActionResultTypeMapper mapper, ObjectMethodExecutor executor, Object controller, Object[] arguments)
   at Microsoft.AspNetCore.Mvc.Infrastructure.ControllerActionInvoker.<InvokeActionMethodAsync>g__Logged|12_1(ControllerActionInvoker invoker)
   at Microsoft.AspNetCore.Mvc.Infrastructure.ControllerActionInvoker.<InvokeNextActionFilterAsync>g__Awaited|10_0(ControllerActionInvoker invoker, Task lastTask, State next, Scope scope, Object state, Boolean isCompleted)
   at Microsoft.AspNetCore.Mvc.Infrastructure.ControllerActionInvoker.Rethrow(ActionExecutedContextSealed context)
   at Microsoft.AspNetCore.Mvc.Infrastructure.ControllerActionInvoker.Next(State& next, Scope& scope, Object& state, Boolean& isCompleted)
   at Microsoft.AspNetCore.Mvc.Infrastructure.ControllerActionInvoker.InvokeInnerFilterAsync()
--- End of stack trace from previous location ---
   at Microsoft.AspNetCore.Mvc.Infrastructure.ResourceInvoker.<InvokeNextResourceFilter>g__Awaited|24_0(ResourceInvoker invoker, Task lastTask, State next, Scope scope, Object state, Boolean isCompleted)
   at Microsoft.AspNetCore.Mvc.Infrastructure.ResourceInvoker.Rethrow(ResourceExecutedContextSealed context)
   at Microsoft.AspNetCore.Mvc.Infrastructure.ResourceInvoker.Next(State& next, Scope& scope, Object& state, Boolean& isCompleted)
   at Microsoft.AspNetCore.Mvc.Infrastructure.ResourceInvoker.InvokeFilterPipelineAsync()
--- End of stack trace from previous location ---
   at Microsoft.AspNetCore.Mvc.Infrastructure.ResourceInvoker.<InvokeAsync>g__Logged|17_1(ResourceInvoker invoker)
   at Microsoft.AspNetCore.Routing.EndpointMiddleware.<Invoke>g__AwaitRequestTask|6_0(Endpoint endpoint, Task requestTask, ILogger logger)
   at YC.ServiceWebApi.Middleware.ExceptionMiddleware.Invoke(HttpContext context) in H:\Code\giteeCode\MicroServicePro\src\BasicAppLayer\YC.ServiceWebApi\Middleware\ExceptionMiddleware.cs:line 35
#Pro #{"SourceContext":"YC.ServiceWebApi.Middleware.ExceptionMiddleware","RequestId":"0HM8FFQQA4GFF:00000021","RequestPath":"/api/SysPermission/CreateSysPermission","ConnectionId":"0HM8FFQQA4GFF"}
#Exc#--------------------------------------------------
【ERR】2021-05-05 12:39:20.764
#Msg#System.Exception: Field 'Id' doesn't have a default value
 ---> MySql.Data.MySqlClient.MySqlException (0x80004005): Field 'Id' doesn't have a default value
   at MySql.Data.MySqlClient.MySqlStream.ReadPacket()
   at MySql.Data.MySqlClient.NativeDriver.GetResult(Int32& affectedRow, Int64& insertedId)
   at MySql.Data.MySqlClient.Driver.NextResult(Int32 statementId, Boolean force)
   at MySql.Data.MySqlClient.MySqlDataReader.NextResult()
   at MySql.Data.MySqlClient.MySqlCommand.ExecuteReader(CommandBehavior behavior)
   at MySql.Data.MySqlClient.MySqlCommand.ExecuteReader()
   at MySql.Data.MySqlClient.MySqlCommand.ExecuteScalar()
   at System.Data.Common.DbCommand.ExecuteScalarAsync(CancellationToken cancellationToken)
--- End of stack trace from previous location ---
   at FreeSql.Internal.CommonProvider.AdoProvider.ExecuteScalarAsync(DbConnection connection, DbTransaction transaction, CommandType cmdType, String cmdText, Int32 cmdTimeout, DbParameter[] cmdParms, CancellationToken cancellationToken)
   --- End of inner exception stack trace ---
   at FreeSql.Internal.CommonProvider.AdoProvider.LoggerException(IObjectPool`1 pool, PrepareCommandResult pc, Exception ex, DateTime dt, StringBuilder logtxt, Boolean isThrowException)
   at FreeSql.Internal.CommonProvider.AdoProvider.ExecuteScalarAsync(DbConnection connection, DbTransaction transaction, CommandType cmdType, String cmdText, Int32 cmdTimeout, DbParameter[] cmdParms, CancellationToken cancellationToken)
   at FreeSql.MySql.Curd.MySqlInsert`1.RawExecuteIdentityAsync(CancellationToken cancellationToken)
   at FreeSql.Internal.CommonProvider.InsertProvider`1.SplitExecuteIdentityAsync(Int32 valuesLimit, Int32 parameterLimit, CancellationToken cancellationToken)
   at FreeSql.DbSet`1.AddPrivAsync(TEntity data, Boolean isCheck, CancellationToken cancellationToken)
   at FreeSql.BaseRepository`1.InsertAsync(TEntity entity, CancellationToken cancellationToken)
   at YC.ApplicationService.SysPermissionAppService.CreateSysPermissionAsync(SysPermissionAddOrEditDto input) in H:\Code\giteeCode\MicroServicePro\src\BasicAppLayer\YC.ApplicationService\ApplicationService\SysPermissionAppService\SysPermissionAppService.cs:line 97
   at lambda_method851(Closure , Object )
   at Microsoft.AspNetCore.Mvc.Infrastructure.ActionMethodExecutor.AwaitableObjectResultExecutor.Execute(IActionResultTypeMapper mapper, ObjectMethodExecutor executor, Object controller, Object[] arguments)
   at Microsoft.AspNetCore.Mvc.Infrastructure.ControllerActionInvoker.<InvokeActionMethodAsync>g__Logged|12_1(ControllerActionInvoker invoker)
   at Microsoft.AspNetCore.Mvc.Infrastructure.ControllerActionInvoker.<InvokeNextActionFilterAsync>g__Awaited|10_0(ControllerActionInvoker invoker, Task lastTask, State next, Scope scope, Object state, Boolean isCompleted)
   at Microsoft.AspNetCore.Mvc.Infrastructure.ControllerActionInvoker.Rethrow(ActionExecutedContextSealed context)
   at Microsoft.AspNetCore.Mvc.Infrastructure.ControllerActionInvoker.Next(State& next, Scope& scope, Object& state, Boolean& isCompleted)
   at Microsoft.AspNetCore.Mvc.Infrastructure.ControllerActionInvoker.InvokeInnerFilterAsync()
--- End of stack trace from previous location ---
   at Microsoft.AspNetCore.Mvc.Infrastructure.ResourceInvoker.<InvokeNextResourceFilter>g__Awaited|24_0(ResourceInvoker invoker, Task lastTask, State next, Scope scope, Object state, Boolean isCompleted)
   at Microsoft.AspNetCore.Mvc.Infrastructure.ResourceInvoker.Rethrow(ResourceExecutedContextSealed context)
   at Microsoft.AspNetCore.Mvc.Infrastructure.ResourceInvoker.Next(State& next, Scope& scope, Object& state, Boolean& isCompleted)
   at Microsoft.AspNetCore.Mvc.Infrastructure.ResourceInvoker.InvokeFilterPipelineAsync()
--- End of stack trace from previous location ---
   at Microsoft.AspNetCore.Mvc.Infrastructure.ResourceInvoker.<InvokeAsync>g__Logged|17_1(ResourceInvoker invoker)
   at Microsoft.AspNetCore.Routing.EndpointMiddleware.<Invoke>g__AwaitRequestTask|6_0(Endpoint endpoint, Task requestTask, ILogger logger)
   at YC.ServiceWebApi.Middleware.ExceptionMiddleware.Invoke(HttpContext context) in H:\Code\giteeCode\MicroServicePro\src\BasicAppLayer\YC.ServiceWebApi\Middleware\ExceptionMiddleware.cs:line 35
#Pro #{"SourceContext":"YC.ServiceWebApi.Middleware.ExceptionMiddleware","RequestId":"0HM8FFQQA4GFF:00000039","RequestPath":"/api/SysPermission/CreateSysPermission","ConnectionId":"0HM8FFQQA4GFF"}
#Exc#--------------------------------------------------
【ERR】2021-05-05 13:08:02.137
#Msg#System.IO.IOException: The client reset the request stream.
   at Microsoft.AspNetCore.Server.Kestrel.Core.Internal.Http.HttpRequestStream.ReadAsyncInternal(Memory`1 destination, CancellationToken cancellationToken)
   at Microsoft.AspNetCore.WebUtilities.FileBufferingReadStream.ReadAsync(Memory`1 buffer, CancellationToken cancellationToken)
   at Microsoft.AspNetCore.WebUtilities.StreamHelperExtensions.DrainAsync(Stream stream, ArrayPool`1 bytePool, Nullable`1 limit, CancellationToken cancellationToken)
   at Microsoft.AspNetCore.Mvc.Formatters.NewtonsoftJsonInputFormatter.ReadRequestBodyAsync(InputFormatterContext context, Encoding encoding)
   at Microsoft.AspNetCore.Mvc.ModelBinding.Binders.BodyModelBinder.BindModelAsync(ModelBindingContext bindingContext)
   at Microsoft.AspNetCore.Mvc.ModelBinding.ParameterBinder.BindModelAsync(ActionContext actionContext, IModelBinder modelBinder, IValueProvider valueProvider, ParameterDescriptor parameter, ModelMetadata metadata, Object value, Object container)
   at Microsoft.AspNetCore.Mvc.Controllers.ControllerBinderDelegateProvider.<>c__DisplayClass0_0.<<CreateBinderDelegate>g__Bind|0>d.MoveNext()
--- End of stack trace from previous location ---
   at Microsoft.AspNetCore.Mvc.Infrastructure.ControllerActionInvoker.<InvokeInnerFilterAsync>g__Awaited|13_0(ControllerActionInvoker invoker, Task lastTask, State next, Scope scope, Object state, Boolean isCompleted)
   at Microsoft.AspNetCore.Mvc.Infrastructure.ResourceInvoker.<InvokeNextResourceFilter>g__Awaited|24_0(ResourceInvoker invoker, Task lastTask, State next, Scope scope, Object state, Boolean isCompleted)
   at Microsoft.AspNetCore.Mvc.Infrastructure.ResourceInvoker.Rethrow(ResourceExecutedContextSealed context)
   at Microsoft.AspNetCore.Mvc.Infrastructure.ResourceInvoker.Next(State& next, Scope& scope, Object& state, Boolean& isCompleted)
   at Microsoft.AspNetCore.Mvc.Infrastructure.ResourceInvoker.InvokeFilterPipelineAsync()
--- End of stack trace from previous location ---
   at Microsoft.AspNetCore.Mvc.Infrastructure.ResourceInvoker.<InvokeAsync>g__Logged|17_1(ResourceInvoker invoker)
   at Microsoft.AspNetCore.Routing.EndpointMiddleware.<Invoke>g__AwaitRequestTask|6_0(Endpoint endpoint, Task requestTask, ILogger logger)
   at YC.ServiceWebApi.Middleware.ExceptionMiddleware.Invoke(HttpContext context) in H:\Code\giteeCode\MicroServicePro\src\BasicAppLayer\YC.ServiceWebApi\Middleware\ExceptionMiddleware.cs:line 35
#Pro #{"SourceContext":"YC.ServiceWebApi.Middleware.ExceptionMiddleware","RequestId":"0HM8FGDFK5D4V:0000000D","RequestPath":"/api/SysPermission/GetSysPermissionList","ConnectionId":"0HM8FGDFK5D4V"}
#Exc#--------------------------------------------------
【ERR】2021-05-05 13:42:32.035
#Msg#Autofac.Core.DependencyResolutionException: An exception was thrown while activating YC.ServiceWebApi.DefaultTenant.
 ---> Autofac.Core.DependencyResolutionException: An exception was thrown while invoking the constructor 'Void .ctor(Microsoft.AspNetCore.Http.IHttpContextAccessor, YC.Core.Cache.ICacheManager)' on type 'DefaultTenant'.
 ---> System.Exception: 错误信息：获取租户信息失败！
   at YC.ServiceWebApi.Extensions.ValidateTokenExtenstions.<>c__DisplayClass0_0.<ValidateToken>b__0(Dictionary`2 load) in H:\Code\giteeCode\MicroServicePro\src\BasicAppLayer\YC.ServiceWebApi\Extensions\ValidateTokenExtenstions.cs:line 45
   at YC.Core.TokenContext.Validate(String encodeJwt, Func`2 validatePayLoad) in H:\Code\giteeCode\MicroServicePro\src\BasicLayer\YC.Core\TokenContext\TokenContext.cs:line 114
   at YC.ServiceWebApi.Extensions.ValidateTokenExtenstions.ValidateToken(String token, IHttpContextAccessor httpContextAccessor, ICacheManager cacheManager) in H:\Code\giteeCode\MicroServicePro\src\BasicAppLayer\YC.ServiceWebApi\Extensions\ValidateTokenExtenstions.cs:line 18
   at YC.ServiceWebApi.DefaultTenant..ctor(IHttpContextAccessor httpContextAccessor, ICacheManager cacheManager) in H:\Code\giteeCode\MicroServicePro\src\BasicAppLayer\YC.ServiceWebApi\Tenant\DefaultTenant.cs:line 73
   at lambda_method323(Closure , Object[] )
   at Autofac.Core.Activators.Reflection.BoundConstructor.Instantiate()
   --- End of inner exception stack trace ---
   at Autofac.Core.Activators.Reflection.BoundConstructor.Instantiate()
   at Autofac.Core.Activators.Reflection.ReflectionActivator.ActivateInstance(IComponentContext context, IEnumerable`1 parameters)
   at Autofac.Core.Activators.Reflection.ReflectionActivator.<ConfigurePipeline>b__11_0(ResolveRequestContext ctxt, Action`1 next)
   at Autofac.Core.Resolving.Pipeline.ResolvePipelineBuilder.<>c__DisplayClass14_0.<BuildPipeline>b__1(ResolveRequestContext ctxt)
   at Autofac.Core.Resolving.Middleware.DisposalTrackingMiddleware.Execute(ResolveRequestContext context, Action`1 next)
   at Autofac.Core.Resolving.Pipeline.ResolvePipelineBuilder.<>c__DisplayClass14_0.<BuildPipeline>b__1(ResolveRequestContext ctxt)
   at Autofac.Builder.RegistrationBuilder`3.<>c__DisplayClass41_0.<PropertiesAutowired>b__0(ResolveRequestContext ctxt, Action`1 next)
   at Autofac.Core.Resolving.Pipeline.ResolvePipelineBuilder.<>c__DisplayClass14_0.<BuildPipeline>b__1(ResolveRequestContext ctxt)
   at Autofac.Core.Resolving.Middleware.ActivatorErrorHandlingMiddleware.Execute(ResolveRequestContext context, Action`1 next)
   --- End of inner exception stack trace ---
   at Autofac.Core.Resolving.Middleware.ActivatorErrorHandlingMiddleware.Execute(ResolveRequestContext context, Action`1 next)
   at Autofac.Core.Resolving.Pipeline.ResolvePipelineBuilder.<>c__DisplayClass14_0.<BuildPipeline>b__1(ResolveRequestContext ctxt)
   at Autofac.Core.Resolving.Pipeline.ResolvePipelineBuilder.<>c__DisplayClass14_0.<BuildPipeline>b__1(ResolveRequestContext ctxt)
   at Autofac.Core.Resolving.Middleware.SharingMiddleware.<>c__DisplayClass5_0.<Execute>b__0()
   at Autofac.Core.Lifetime.LifetimeScope.CreateSharedInstance(Guid id, Func`1 creator)
   at Autofac.Core.Lifetime.LifetimeScope.CreateSharedInstance(Guid primaryId, Nullable`1 qualifyingId, Func`1 creator)
   at Autofac.Core.Resolving.Middleware.SharingMiddleware.Execute(ResolveRequestContext context, Action`1 next)
   at Autofac.Core.Resolving.Pipeline.ResolvePipelineBuilder.<>c__DisplayClass14_0.<BuildPipeline>b__1(ResolveRequestContext ctxt)
   at Autofac.Core.Resolving.Pipeline.ResolvePipelineBuilder.<>c__DisplayClass14_0.<BuildPipeline>b__1(ResolveRequestContext ctxt)
   at Autofac.Core.Resolving.Middleware.CircularDependencyDetectorMiddleware.Execute(ResolveRequestContext context, Action`1 next)
   at Autofac.Core.Resolving.Pipeline.ResolvePipelineBuilder.<>c__DisplayClass14_0.<BuildPipeline>b__1(ResolveRequestContext ctxt)
   at Autofac.Core.Resolving.ResolveOperation.GetOrCreateInstance(ISharingLifetimeScope currentOperationScope, ResolveRequest request)
   at Autofac.Core.Resolving.ResolveOperation.ExecuteOperation(ResolveRequest request)
   at Autofac.Core.Resolving.ResolveOperation.Execute(ResolveRequest request)
   at Autofac.Core.Lifetime.LifetimeScope.ResolveComponent(ResolveRequest request)
   at Autofac.ResolutionExtensions.TryResolveService(IComponentContext context, Service service, IEnumerable`1 parameters, Object& instance)
   at Autofac.ResolutionExtensions.ResolveOptionalService(IComponentContext context, Service service, IEnumerable`1 parameters)
   at Autofac.ResolutionExtensions.ResolveOptional(IComponentContext context, Type serviceType, IEnumerable`1 parameters)
   at Autofac.ResolutionExtensions.ResolveOptional(IComponentContext context, Type serviceType)
   at Autofac.Extensions.DependencyInjection.AutofacServiceProvider.GetService(Type serviceType)
   at Microsoft.Extensions.DependencyInjection.ActivatorUtilities.GetService(IServiceProvider sp, Type type, Type requiredBy, Boolean isDefaultParameterRequired)
   at lambda_method564(Closure , IServiceProvider , Object[] )
   at Microsoft.AspNetCore.Mvc.TypeFilterAttribute.CreateInstance(IServiceProvider serviceProvider)
   at Microsoft.AspNetCore.Mvc.Filters.DefaultFilterProvider.ProvideFilter(FilterProviderContext context, FilterItem filterItem)
   at Microsoft.AspNetCore.Mvc.Filters.DefaultFilterProvider.OnProvidersExecuting(FilterProviderContext context)
   at Microsoft.AspNetCore.Mvc.Filters.FilterFactory.CreateUncachedFiltersCore(IFilterProvider[] filterProviders, ActionContext actionContext, List`1 filterItems)
   at Microsoft.AspNetCore.Mvc.Filters.FilterFactory.GetAllFilters(IFilterProvider[] filterProviders, ActionContext actionContext)
   at Microsoft.AspNetCore.Mvc.Infrastructure.ControllerActionInvokerCache.GetCachedResult(ControllerContext controllerContext)
   at Microsoft.AspNetCore.Mvc.Infrastructure.ControllerActionInvokerProvider.OnProvidersExecuting(ActionInvokerProviderContext context)
   at Microsoft.AspNetCore.Mvc.Infrastructure.ActionInvokerFactory.CreateInvoker(ActionContext actionContext)
   at Microsoft.AspNetCore.Mvc.Routing.ActionEndpointFactory.<>c__DisplayClass7_0.<CreateRequestDelegate>b__0(HttpContext context)
   at Microsoft.AspNetCore.Routing.EndpointMiddleware.Invoke(HttpContext httpContext)
--- End of stack trace from previous location ---
   at YC.ServiceWebApi.Middleware.ExceptionMiddleware.Invoke(HttpContext context) in H:\Code\giteeCode\MicroServicePro\src\BasicAppLayer\YC.ServiceWebApi\Middleware\ExceptionMiddleware.cs:line 35
#Pro #{"SourceContext":"YC.ServiceWebApi.Middleware.ExceptionMiddleware","RequestId":"0HM8FH1QCU1MU:00000003","RequestPath":"/api/SysRole/UpdateSysRolePermissions","ConnectionId":"0HM8FH1QCU1MU"}
#Exc#--------------------------------------------------
【ERR】2021-05-05 13:42:43.546
#Msg#StackExchange.Redis.RedisTimeoutException: Timeout performing EXISTS RedisCACHE_USER_ROLE_PEMISSION_tenantId_1_userId_1, inst: 1, queue: 2, qu: 0, qs: 2, qc: 0, wr: 0, wq: 0, in: 0, ar: 0, clientName: DESKTOP-RBUSQQ3, serverEndpoint: 127.0.0.1:6379, keyHashSlot: 8946 (Please take a look at this article for some common client-side issues that can cause timeouts: http://stackexchange.github.io/StackExchange.Redis/Timeouts)
   at StackExchange.Redis.ConnectionMultiplexer.ExecuteSyncImpl[T](Message message, ResultProcessor`1 processor, ServerEndPoint server) in c:\code\StackExchange.Redis\StackExchange.Redis\StackExchange\Redis\ConnectionMultiplexer.cs:line 2120
   at StackExchange.Redis.RedisBase.ExecuteSync[T](Message message, ResultProcessor`1 processor, ServerEndPoint server) in c:\code\StackExchange.Redis\StackExchange.Redis\StackExchange\Redis\RedisBase.cs:line 81
   at StackExchange.Redis.RedisDatabase.KeyExists(RedisKey key, CommandFlags flags) in c:\code\StackExchange.Redis\StackExchange.Redis\StackExchange\Redis\RedisDatabase.cs:line 593
   at YC.Cache.Redis.RedisCacheManager.Exists(String key) in H:\Code\giteeCode\MicroServicePro\src\Module\YC.Cache.Redis\RedisCacheManager.cs:line 45
   at YC.ApplicationService.UserManager.CreateUserRolePermissionCache(UserRolePermissionDto input) in H:\Code\giteeCode\MicroServicePro\src\BasicAppLayer\YC.ApplicationService\AppManager\UserManager.cs:line 78
   at YC.ApplicationService.UserManager.UserLogin(String userId, String pwd, Int32 tenantId) in H:\Code\giteeCode\MicroServicePro\src\BasicAppLayer\YC.ApplicationService\AppManager\UserManager.cs:line 61
   at YC.ServiceWebApi.Controllers.IdentityController.GetTokenByLogin(LoginUserDto loginUserDto) in H:\Code\giteeCode\MicroServicePro\src\BasicAppLayer\YC.ServiceWebApi\Controllers\IdentityController.cs:line 56
   at lambda_method587(Closure , Object , Object[] )
   at Microsoft.AspNetCore.Mvc.Infrastructure.ActionMethodExecutor.SyncActionResultExecutor.Execute(IActionResultTypeMapper mapper, ObjectMethodExecutor executor, Object controller, Object[] arguments)
   at Microsoft.AspNetCore.Mvc.Infrastructure.ControllerActionInvoker.<InvokeActionMethodAsync>g__Logged|12_1(ControllerActionInvoker invoker)
   at Microsoft.AspNetCore.Mvc.Infrastructure.ControllerActionInvoker.<InvokeNextActionFilterAsync>g__Awaited|10_0(ControllerActionInvoker invoker, Task lastTask, State next, Scope scope, Object state, Boolean isCompleted)
   at Microsoft.AspNetCore.Mvc.Infrastructure.ControllerActionInvoker.Rethrow(ActionExecutedContextSealed context)
   at Microsoft.AspNetCore.Mvc.Infrastructure.ControllerActionInvoker.Next(State& next, Scope& scope, Object& state, Boolean& isCompleted)
   at Microsoft.AspNetCore.Mvc.Infrastructure.ControllerActionInvoker.InvokeInnerFilterAsync()
--- End of stack trace from previous location ---
   at Microsoft.AspNetCore.Mvc.Infrastructure.ResourceInvoker.<InvokeNextResourceFilter>g__Awaited|24_0(ResourceInvoker invoker, Task lastTask, State next, Scope scope, Object state, Boolean isCompleted)
   at Microsoft.AspNetCore.Mvc.Infrastructure.ResourceInvoker.Rethrow(ResourceExecutedContextSealed context)
   at Microsoft.AspNetCore.Mvc.Infrastructure.ResourceInvoker.Next(State& next, Scope& scope, Object& state, Boolean& isCompleted)
   at Microsoft.AspNetCore.Mvc.Infrastructure.ResourceInvoker.InvokeFilterPipelineAsync()
--- End of stack trace from previous location ---
   at Microsoft.AspNetCore.Mvc.Infrastructure.ResourceInvoker.<InvokeAsync>g__Logged|17_1(ResourceInvoker invoker)
   at Microsoft.AspNetCore.Routing.EndpointMiddleware.<Invoke>g__AwaitRequestTask|6_0(Endpoint endpoint, Task requestTask, ILogger logger)
   at YC.ServiceWebApi.Middleware.ExceptionMiddleware.Invoke(HttpContext context) in H:\Code\giteeCode\MicroServicePro\src\BasicAppLayer\YC.ServiceWebApi\Middleware\ExceptionMiddleware.cs:line 35
#Pro #{"SourceContext":"YC.ServiceWebApi.Middleware.ExceptionMiddleware","RequestId":"0HM8FH1QCU1MU:00000007","RequestPath":"/api/Identity/GetTokenByLogin","ConnectionId":"0HM8FH1QCU1MU"}
#Exc#--------------------------------------------------
【ERR】2021-05-05 13:45:51.627
#Msg#System.InvalidOperationException: Connection must be valid and open to rollback transaction
   at FreeSql.UnitOfWork.Rollback()
   at FreeSql.UnitOfWork.Dispose()
   at YC.ApplicationService.SysRoleAppService.UpdateSysRolePermissionsAsync(UpdateSysRolePermissionsDto input) in H:\Code\giteeCode\MicroServicePro\src\BasicAppLayer\YC.ApplicationService\ApplicationService\SysRoleAppService\SysRoleAppService.cs:line 230
   at lambda_method765(Closure , Object )
   at Microsoft.AspNetCore.Mvc.Infrastructure.ActionMethodExecutor.AwaitableObjectResultExecutor.Execute(IActionResultTypeMapper mapper, ObjectMethodExecutor executor, Object controller, Object[] arguments)
   at Microsoft.AspNetCore.Mvc.Infrastructure.ControllerActionInvoker.<InvokeActionMethodAsync>g__Logged|12_1(ControllerActionInvoker invoker)
   at Microsoft.AspNetCore.Mvc.Infrastructure.ControllerActionInvoker.<InvokeNextActionFilterAsync>g__Awaited|10_0(ControllerActionInvoker invoker, Task lastTask, State next, Scope scope, Object state, Boolean isCompleted)
   at Microsoft.AspNetCore.Mvc.Infrastructure.ControllerActionInvoker.Rethrow(ActionExecutedContextSealed context)
   at Microsoft.AspNetCore.Mvc.Infrastructure.ControllerActionInvoker.Next(State& next, Scope& scope, Object& state, Boolean& isCompleted)
   at Microsoft.AspNetCore.Mvc.Infrastructure.ControllerActionInvoker.InvokeInnerFilterAsync()
--- End of stack trace from previous location ---
   at Microsoft.AspNetCore.Mvc.Infrastructure.ResourceInvoker.<InvokeNextResourceFilter>g__Awaited|24_0(ResourceInvoker invoker, Task lastTask, State next, Scope scope, Object state, Boolean isCompleted)
   at Microsoft.AspNetCore.Mvc.Infrastructure.ResourceInvoker.Rethrow(ResourceExecutedContextSealed context)
   at Microsoft.AspNetCore.Mvc.Infrastructure.ResourceInvoker.Next(State& next, Scope& scope, Object& state, Boolean& isCompleted)
   at Microsoft.AspNetCore.Mvc.Infrastructure.ResourceInvoker.InvokeFilterPipelineAsync()
--- End of stack trace from previous location ---
   at Microsoft.AspNetCore.Mvc.Infrastructure.ResourceInvoker.<InvokeAsync>g__Logged|17_1(ResourceInvoker invoker)
   at Microsoft.AspNetCore.Routing.EndpointMiddleware.<Invoke>g__AwaitRequestTask|6_0(Endpoint endpoint, Task requestTask, ILogger logger)
   at YC.ServiceWebApi.Middleware.ExceptionMiddleware.Invoke(HttpContext context) in H:\Code\giteeCode\MicroServicePro\src\BasicAppLayer\YC.ServiceWebApi\Middleware\ExceptionMiddleware.cs:line 35
#Pro #{"SourceContext":"YC.ServiceWebApi.Middleware.ExceptionMiddleware","RequestId":"0HM8FH1QCU1MU:00000019","RequestPath":"/api/SysRole/UpdateSysRolePermissions","ConnectionId":"0HM8FH1QCU1MU"}
#Exc#--------------------------------------------------
【ERR】2021-05-05 13:48:07.323
#Msg#System.Exception: 错误信息：没有对应的访问权限！
   at YC.ServiceWebApi.Filter.AOPActionFilterAttribute.OnActionExecuting(ActionExecutingContext context) in H:\Code\giteeCode\MicroServicePro\src\BasicAppLayer\YC.ServiceWebApi\Filter\AOPActionFilterAttribute.cs:line 131
   at Microsoft.AspNetCore.Mvc.Filters.ActionFilterAttribute.OnActionExecutionAsync(ActionExecutingContext context, ActionExecutionDelegate next)
   at Microsoft.AspNetCore.Mvc.Infrastructure.ControllerActionInvoker.<InvokeNextActionFilterAsync>g__Awaited|10_0(ControllerActionInvoker invoker, Task lastTask, State next, Scope scope, Object state, Boolean isCompleted)
   at Microsoft.AspNetCore.Mvc.Infrastructure.ControllerActionInvoker.Rethrow(ActionExecutedContextSealed context)
   at Microsoft.AspNetCore.Mvc.Infrastructure.ControllerActionInvoker.Next(State& next, Scope& scope, Object& state, Boolean& isCompleted)
   at Microsoft.AspNetCore.Mvc.Infrastructure.ControllerActionInvoker.InvokeInnerFilterAsync()
--- End of stack trace from previous location ---
   at Microsoft.AspNetCore.Mvc.Infrastructure.ResourceInvoker.<InvokeNextResourceFilter>g__Awaited|24_0(ResourceInvoker invoker, Task lastTask, State next, Scope scope, Object state, Boolean isCompleted)
   at Microsoft.AspNetCore.Mvc.Infrastructure.ResourceInvoker.Rethrow(ResourceExecutedContextSealed context)
   at Microsoft.AspNetCore.Mvc.Infrastructure.ResourceInvoker.Next(State& next, Scope& scope, Object& state, Boolean& isCompleted)
   at Microsoft.AspNetCore.Mvc.Infrastructure.ResourceInvoker.InvokeFilterPipelineAsync()
--- End of stack trace from previous location ---
   at Microsoft.AspNetCore.Mvc.Infrastructure.ResourceInvoker.<InvokeAsync>g__Logged|17_1(ResourceInvoker invoker)
   at Microsoft.AspNetCore.Routing.EndpointMiddleware.<Invoke>g__AwaitRequestTask|6_0(Endpoint endpoint, Task requestTask, ILogger logger)
   at YC.ServiceWebApi.Middleware.ExceptionMiddleware.Invoke(HttpContext context) in H:\Code\giteeCode\MicroServicePro\src\BasicAppLayer\YC.ServiceWebApi\Middleware\ExceptionMiddleware.cs:line 35
#Pro #{"SourceContext":"YC.ServiceWebApi.Middleware.ExceptionMiddleware","RequestId":"0HM8FH1QCU1MU:0000004F","RequestPath":"/api/SysAuditLog/GetPageSysAuditLogList","ConnectionId":"0HM8FH1QCU1MU"}
#Exc#--------------------------------------------------
【ERR】2021-05-05 13:54:23.915
#Msg#System.Exception: 错误信息：没有对应的访问权限！
   at YC.ServiceWebApi.Filter.AOPActionFilterAttribute.OnActionExecuting(ActionExecutingContext context) in H:\Code\giteeCode\MicroServicePro\src\BasicAppLayer\YC.ServiceWebApi\Filter\AOPActionFilterAttribute.cs:line 131
   at Microsoft.AspNetCore.Mvc.Filters.ActionFilterAttribute.OnActionExecutionAsync(ActionExecutingContext context, ActionExecutionDelegate next)
   at Microsoft.AspNetCore.Mvc.Infrastructure.ControllerActionInvoker.<InvokeNextActionFilterAsync>g__Awaited|10_0(ControllerActionInvoker invoker, Task lastTask, State next, Scope scope, Object state, Boolean isCompleted)
   at Microsoft.AspNetCore.Mvc.Infrastructure.ControllerActionInvoker.Rethrow(ActionExecutedContextSealed context)
   at Microsoft.AspNetCore.Mvc.Infrastructure.ControllerActionInvoker.Next(State& next, Scope& scope, Object& state, Boolean& isCompleted)
   at Microsoft.AspNetCore.Mvc.Infrastructure.ControllerActionInvoker.InvokeInnerFilterAsync()
--- End of stack trace from previous location ---
   at Microsoft.AspNetCore.Mvc.Infrastructure.ResourceInvoker.<InvokeNextResourceFilter>g__Awaited|24_0(ResourceInvoker invoker, Task lastTask, State next, Scope scope, Object state, Boolean isCompleted)
   at Microsoft.AspNetCore.Mvc.Infrastructure.ResourceInvoker.Rethrow(ResourceExecutedContextSealed context)
   at Microsoft.AspNetCore.Mvc.Infrastructure.ResourceInvoker.Next(State& next, Scope& scope, Object& state, Boolean& isCompleted)
   at Microsoft.AspNetCore.Mvc.Infrastructure.ResourceInvoker.InvokeFilterPipelineAsync()
--- End of stack trace from previous location ---
   at Microsoft.AspNetCore.Mvc.Infrastructure.ResourceInvoker.<InvokeAsync>g__Logged|17_1(ResourceInvoker invoker)
   at Microsoft.AspNetCore.Routing.EndpointMiddleware.<Invoke>g__AwaitRequestTask|6_0(Endpoint endpoint, Task requestTask, ILogger logger)
   at YC.ServiceWebApi.Middleware.ExceptionMiddleware.Invoke(HttpContext context) in H:\Code\giteeCode\MicroServicePro\src\BasicAppLayer\YC.ServiceWebApi\Middleware\ExceptionMiddleware.cs:line 35
#Pro #{"SourceContext":"YC.ServiceWebApi.Middleware.ExceptionMiddleware","RequestId":"0HM8FH89EV4R1:00000007","RequestPath":"/api/SysAuditLog/GetPageSysAuditLogList","ConnectionId":"0HM8FH89EV4R1"}
#Exc#--------------------------------------------------
【ERR】2021-05-05 13:55:09.876
#Msg#System.Exception: 错误信息：没有对应的访问权限！
   at YC.ServiceWebApi.Filter.AOPActionFilterAttribute.OnActionExecuting(ActionExecutingContext context) in H:\Code\giteeCode\MicroServicePro\src\BasicAppLayer\YC.ServiceWebApi\Filter\AOPActionFilterAttribute.cs:line 131
   at Microsoft.AspNetCore.Mvc.Filters.ActionFilterAttribute.OnActionExecutionAsync(ActionExecutingContext context, ActionExecutionDelegate next)
   at Microsoft.AspNetCore.Mvc.Infrastructure.ControllerActionInvoker.<InvokeNextActionFilterAsync>g__Awaited|10_0(ControllerActionInvoker invoker, Task lastTask, State next, Scope scope, Object state, Boolean isCompleted)
   at Microsoft.AspNetCore.Mvc.Infrastructure.ControllerActionInvoker.Rethrow(ActionExecutedContextSealed context)
   at Microsoft.AspNetCore.Mvc.Infrastructure.ControllerActionInvoker.Next(State& next, Scope& scope, Object& state, Boolean& isCompleted)
   at Microsoft.AspNetCore.Mvc.Infrastructure.ControllerActionInvoker.InvokeInnerFilterAsync()
--- End of stack trace from previous location ---
   at Microsoft.AspNetCore.Mvc.Infrastructure.ResourceInvoker.<InvokeNextResourceFilter>g__Awaited|24_0(ResourceInvoker invoker, Task lastTask, State next, Scope scope, Object state, Boolean isCompleted)
   at Microsoft.AspNetCore.Mvc.Infrastructure.ResourceInvoker.Rethrow(ResourceExecutedContextSealed context)
   at Microsoft.AspNetCore.Mvc.Infrastructure.ResourceInvoker.Next(State& next, Scope& scope, Object& state, Boolean& isCompleted)
   at Microsoft.AspNetCore.Mvc.Infrastructure.ResourceInvoker.InvokeFilterPipelineAsync()
--- End of stack trace from previous location ---
   at Microsoft.AspNetCore.Mvc.Infrastructure.ResourceInvoker.<InvokeAsync>g__Logged|17_1(ResourceInvoker invoker)
   at Microsoft.AspNetCore.Routing.EndpointMiddleware.<Invoke>g__AwaitRequestTask|6_0(Endpoint endpoint, Task requestTask, ILogger logger)
   at YC.ServiceWebApi.Middleware.ExceptionMiddleware.Invoke(HttpContext context) in H:\Code\giteeCode\MicroServicePro\src\BasicAppLayer\YC.ServiceWebApi\Middleware\ExceptionMiddleware.cs:line 35
#Pro #{"SourceContext":"YC.ServiceWebApi.Middleware.ExceptionMiddleware","RequestId":"0HM8FH89EV4R1:0000001D","RequestPath":"/api/SysAuditLog/GetPageSysAuditLogList","ConnectionId":"0HM8FH89EV4R1"}
#Exc#--------------------------------------------------
【ERR】2021-05-05 14:29:27.043
#Msg#System.InvalidOperationException: Unable to resolve service for type 'YC.ApplicationService.SysAuditLogAppService' while attempting to activate 'YC.ServiceWebApi.Filter.AOPActionFilterAttribute'.
   at Microsoft.Extensions.DependencyInjection.ActivatorUtilities.GetService(IServiceProvider sp, Type type, Type requiredBy, Boolean isDefaultParameterRequired)
   at lambda_method565(Closure , IServiceProvider , Object[] )
   at Microsoft.AspNetCore.Mvc.TypeFilterAttribute.CreateInstance(IServiceProvider serviceProvider)
   at Microsoft.AspNetCore.Mvc.Filters.DefaultFilterProvider.ProvideFilter(FilterProviderContext context, FilterItem filterItem)
   at Microsoft.AspNetCore.Mvc.Filters.DefaultFilterProvider.OnProvidersExecuting(FilterProviderContext context)
   at Microsoft.AspNetCore.Mvc.Filters.FilterFactory.CreateUncachedFiltersCore(IFilterProvider[] filterProviders, ActionContext actionContext, List`1 filterItems)
   at Microsoft.AspNetCore.Mvc.Filters.FilterFactory.GetAllFilters(IFilterProvider[] filterProviders, ActionContext actionContext)
   at Microsoft.AspNetCore.Mvc.Infrastructure.ControllerActionInvokerCache.GetCachedResult(ControllerContext controllerContext)
   at Microsoft.AspNetCore.Mvc.Infrastructure.ControllerActionInvokerProvider.OnProvidersExecuting(ActionInvokerProviderContext context)
   at Microsoft.AspNetCore.Mvc.Infrastructure.ActionInvokerFactory.CreateInvoker(ActionContext actionContext)
   at Microsoft.AspNetCore.Mvc.Routing.ActionEndpointFactory.<>c__DisplayClass7_0.<CreateRequestDelegate>b__0(HttpContext context)
   at Microsoft.AspNetCore.Routing.EndpointMiddleware.Invoke(HttpContext httpContext)
--- End of stack trace from previous location ---
   at YC.ServiceWebApi.Middleware.ExceptionMiddleware.Invoke(HttpContext context) in H:\Code\giteeCode\MicroServicePro\src\BasicAppLayer\YC.ServiceWebApi\Middleware\ExceptionMiddleware.cs:line 35
#Pro #{"SourceContext":"YC.ServiceWebApi.Middleware.ExceptionMiddleware","RequestId":"0HM8FHSB7B98M:00000003","RequestPath":"/api/SysAuditLog/GetPageSysAuditLogList","ConnectionId":"0HM8FHSB7B98M"}
#Exc#--------------------------------------------------
【ERR】2021-05-05 14:29:28.814
#Msg#System.InvalidOperationException: Unable to resolve service for type 'YC.ApplicationService.SysAuditLogAppService' while attempting to activate 'YC.ServiceWebApi.Filter.AOPActionFilterAttribute'.
   at Microsoft.Extensions.DependencyInjection.ActivatorUtilities.GetService(IServiceProvider sp, Type type, Type requiredBy, Boolean isDefaultParameterRequired)
   at lambda_method565(Closure , IServiceProvider , Object[] )
   at Microsoft.AspNetCore.Mvc.TypeFilterAttribute.CreateInstance(IServiceProvider serviceProvider)
   at Microsoft.AspNetCore.Mvc.Filters.DefaultFilterProvider.ProvideFilter(FilterProviderContext context, FilterItem filterItem)
   at Microsoft.AspNetCore.Mvc.Filters.DefaultFilterProvider.OnProvidersExecuting(FilterProviderContext context)
   at Microsoft.AspNetCore.Mvc.Filters.FilterFactory.CreateUncachedFiltersCore(IFilterProvider[] filterProviders, ActionContext actionContext, List`1 filterItems)
   at Microsoft.AspNetCore.Mvc.Filters.FilterFactory.GetAllFilters(IFilterProvider[] filterProviders, ActionContext actionContext)
   at Microsoft.AspNetCore.Mvc.Infrastructure.ControllerActionInvokerCache.GetCachedResult(ControllerContext controllerContext)
   at Microsoft.AspNetCore.Mvc.Infrastructure.ControllerActionInvokerProvider.OnProvidersExecuting(ActionInvokerProviderContext context)
   at Microsoft.AspNetCore.Mvc.Infrastructure.ActionInvokerFactory.CreateInvoker(ActionContext actionContext)
   at Microsoft.AspNetCore.Mvc.Routing.ActionEndpointFactory.<>c__DisplayClass7_0.<CreateRequestDelegate>b__0(HttpContext context)
   at Microsoft.AspNetCore.Routing.EndpointMiddleware.Invoke(HttpContext httpContext)
--- End of stack trace from previous location ---
   at YC.ServiceWebApi.Middleware.ExceptionMiddleware.Invoke(HttpContext context) in H:\Code\giteeCode\MicroServicePro\src\BasicAppLayer\YC.ServiceWebApi\Middleware\ExceptionMiddleware.cs:line 35
#Pro #{"SourceContext":"YC.ServiceWebApi.Middleware.ExceptionMiddleware","RequestId":"0HM8FHSB7B98M:00000005","RequestPath":"/api/SysAuditLog/GetPageSysAuditLogList","ConnectionId":"0HM8FHSB7B98M"}
#Exc#--------------------------------------------------
【ERR】2021-05-05 14:30:49.267
#Msg#System.InvalidOperationException: Unable to resolve service for type 'YC.ApplicationService.SysAuditLogAppService' while attempting to activate 'YC.ServiceWebApi.Filter.AOPActionFilterAttribute'.
   at Microsoft.Extensions.DependencyInjection.ActivatorUtilities.GetService(IServiceProvider sp, Type type, Type requiredBy, Boolean isDefaultParameterRequired)
   at lambda_method565(Closure , IServiceProvider , Object[] )
   at Microsoft.AspNetCore.Mvc.TypeFilterAttribute.CreateInstance(IServiceProvider serviceProvider)
   at Microsoft.AspNetCore.Mvc.Filters.DefaultFilterProvider.ProvideFilter(FilterProviderContext context, FilterItem filterItem)
   at Microsoft.AspNetCore.Mvc.Filters.DefaultFilterProvider.OnProvidersExecuting(FilterProviderContext context)
   at Microsoft.AspNetCore.Mvc.Filters.FilterFactory.CreateUncachedFiltersCore(IFilterProvider[] filterProviders, ActionContext actionContext, List`1 filterItems)
   at Microsoft.AspNetCore.Mvc.Filters.FilterFactory.GetAllFilters(IFilterProvider[] filterProviders, ActionContext actionContext)
   at Microsoft.AspNetCore.Mvc.Infrastructure.ControllerActionInvokerCache.GetCachedResult(ControllerContext controllerContext)
   at Microsoft.AspNetCore.Mvc.Infrastructure.ControllerActionInvokerProvider.OnProvidersExecuting(ActionInvokerProviderContext context)
   at Microsoft.AspNetCore.Mvc.Infrastructure.ActionInvokerFactory.CreateInvoker(ActionContext actionContext)
   at Microsoft.AspNetCore.Mvc.Routing.ActionEndpointFactory.<>c__DisplayClass7_0.<CreateRequestDelegate>b__0(HttpContext context)
   at Microsoft.AspNetCore.Routing.EndpointMiddleware.Invoke(HttpContext httpContext)
--- End of stack trace from previous location ---
   at YC.ServiceWebApi.Middleware.ExceptionMiddleware.Invoke(HttpContext context) in H:\Code\giteeCode\MicroServicePro\src\BasicAppLayer\YC.ServiceWebApi\Middleware\ExceptionMiddleware.cs:line 35
#Pro #{"SourceContext":"YC.ServiceWebApi.Middleware.ExceptionMiddleware","RequestId":"0HM8FHSB7B98M:00000009","RequestPath":"/api/Identity/GetTokenByLogin","ConnectionId":"0HM8FHSB7B98M"}
#Exc#--------------------------------------------------
【ERR】2021-05-05 14:32:04.961
#Msg#System.InvalidOperationException: Unable to resolve service for type 'YC.ApplicationService.SysAuditLogAppService' while attempting to activate 'YC.ServiceWebApi.Filter.AOPActionFilterAttribute'.
   at Microsoft.Extensions.DependencyInjection.ActivatorUtilities.GetService(IServiceProvider sp, Type type, Type requiredBy, Boolean isDefaultParameterRequired)
   at lambda_method565(Closure , IServiceProvider , Object[] )
   at Microsoft.AspNetCore.Mvc.TypeFilterAttribute.CreateInstance(IServiceProvider serviceProvider)
   at Microsoft.AspNetCore.Mvc.Filters.DefaultFilterProvider.ProvideFilter(FilterProviderContext context, FilterItem filterItem)
   at Microsoft.AspNetCore.Mvc.Filters.DefaultFilterProvider.OnProvidersExecuting(FilterProviderContext context)
   at Microsoft.AspNetCore.Mvc.Filters.FilterFactory.CreateUncachedFiltersCore(IFilterProvider[] filterProviders, ActionContext actionContext, List`1 filterItems)
   at Microsoft.AspNetCore.Mvc.Filters.FilterFactory.GetAllFilters(IFilterProvider[] filterProviders, ActionContext actionContext)
   at Microsoft.AspNetCore.Mvc.Infrastructure.ControllerActionInvokerCache.GetCachedResult(ControllerContext controllerContext)
   at Microsoft.AspNetCore.Mvc.Infrastructure.ControllerActionInvokerProvider.OnProvidersExecuting(ActionInvokerProviderContext context)
   at Microsoft.AspNetCore.Mvc.Infrastructure.ActionInvokerFactory.CreateInvoker(ActionContext actionContext)
   at Microsoft.AspNetCore.Mvc.Routing.ActionEndpointFactory.<>c__DisplayClass7_0.<CreateRequestDelegate>b__0(HttpContext context)
   at Microsoft.AspNetCore.Routing.EndpointMiddleware.Invoke(HttpContext httpContext)
--- End of stack trace from previous location ---
   at YC.ServiceWebApi.Middleware.ExceptionMiddleware.Invoke(HttpContext context) in H:\Code\giteeCode\MicroServicePro\src\BasicAppLayer\YC.ServiceWebApi\Middleware\ExceptionMiddleware.cs:line 35
#Pro #{"SourceContext":"YC.ServiceWebApi.Middleware.ExceptionMiddleware","RequestId":"0HM8FHSB7B98M:0000000D","RequestPath":"/api/Identity/GetTokenByLogin","ConnectionId":"0HM8FHSB7B98M"}
#Exc#--------------------------------------------------
【ERR】2021-05-05 14:32:43.839
#Msg#System.InvalidOperationException: Unable to resolve service for type 'YC.ApplicationService.SysAuditLogAppService' while attempting to activate 'YC.ServiceWebApi.Filter.AOPActionFilterAttribute'.
   at Microsoft.Extensions.DependencyInjection.ActivatorUtilities.GetService(IServiceProvider sp, Type type, Type requiredBy, Boolean isDefaultParameterRequired)
   at lambda_method566(Closure , IServiceProvider , Object[] )
   at Microsoft.AspNetCore.Mvc.TypeFilterAttribute.CreateInstance(IServiceProvider serviceProvider)
   at Microsoft.AspNetCore.Mvc.Filters.DefaultFilterProvider.ProvideFilter(FilterProviderContext context, FilterItem filterItem)
   at Microsoft.AspNetCore.Mvc.Filters.DefaultFilterProvider.OnProvidersExecuting(FilterProviderContext context)
   at Microsoft.AspNetCore.Mvc.Filters.FilterFactory.CreateUncachedFiltersCore(IFilterProvider[] filterProviders, ActionContext actionContext, List`1 filterItems)
   at Microsoft.AspNetCore.Mvc.Filters.FilterFactory.GetAllFilters(IFilterProvider[] filterProviders, ActionContext actionContext)
   at Microsoft.AspNetCore.Mvc.Infrastructure.ControllerActionInvokerCache.GetCachedResult(ControllerContext controllerContext)
   at Microsoft.AspNetCore.Mvc.Infrastructure.ControllerActionInvokerProvider.OnProvidersExecuting(ActionInvokerProviderContext context)
   at Microsoft.AspNetCore.Mvc.Infrastructure.ActionInvokerFactory.CreateInvoker(ActionContext actionContext)
   at Microsoft.AspNetCore.Mvc.Routing.ActionEndpointFactory.<>c__DisplayClass7_0.<CreateRequestDelegate>b__0(HttpContext context)
   at Microsoft.AspNetCore.Routing.EndpointMiddleware.Invoke(HttpContext httpContext)
--- End of stack trace from previous location ---
   at YC.ServiceWebApi.Middleware.ExceptionMiddleware.Invoke(HttpContext context) in H:\Code\giteeCode\MicroServicePro\src\BasicAppLayer\YC.ServiceWebApi\Middleware\ExceptionMiddleware.cs:line 35
#Pro #{"SourceContext":"YC.ServiceWebApi.Middleware.ExceptionMiddleware","RequestId":"0HM8FHU6EPIMN:00000003","RequestPath":"/api/Identity/GetTokenByLogin","ConnectionId":"0HM8FHU6EPIMN"}
#Exc#--------------------------------------------------
【ERR】2021-05-05 14:34:37.901
#Msg#System.InvalidOperationException: Unable to resolve service for type 'YC.ApplicationService.SysAuditLogAppService' while attempting to activate 'YC.ServiceWebApi.Filter.AOPActionFilterAttribute'.
   at Microsoft.Extensions.DependencyInjection.ActivatorUtilities.GetService(IServiceProvider sp, Type type, Type requiredBy, Boolean isDefaultParameterRequired)
   at lambda_method566(Closure , IServiceProvider , Object[] )
   at Microsoft.AspNetCore.Mvc.TypeFilterAttribute.CreateInstance(IServiceProvider serviceProvider)
   at Microsoft.AspNetCore.Mvc.Filters.DefaultFilterProvider.ProvideFilter(FilterProviderContext context, FilterItem filterItem)
   at Microsoft.AspNetCore.Mvc.Filters.DefaultFilterProvider.OnProvidersExecuting(FilterProviderContext context)
   at Microsoft.AspNetCore.Mvc.Filters.FilterFactory.CreateUncachedFiltersCore(IFilterProvider[] filterProviders, ActionContext actionContext, List`1 filterItems)
   at Microsoft.AspNetCore.Mvc.Filters.FilterFactory.GetAllFilters(IFilterProvider[] filterProviders, ActionContext actionContext)
   at Microsoft.AspNetCore.Mvc.Infrastructure.ControllerActionInvokerCache.GetCachedResult(ControllerContext controllerContext)
   at Microsoft.AspNetCore.Mvc.Infrastructure.ControllerActionInvokerProvider.OnProvidersExecuting(ActionInvokerProviderContext context)
   at Microsoft.AspNetCore.Mvc.Infrastructure.ActionInvokerFactory.CreateInvoker(ActionContext actionContext)
   at Microsoft.AspNetCore.Mvc.Routing.ActionEndpointFactory.<>c__DisplayClass7_0.<CreateRequestDelegate>b__0(HttpContext context)
   at Microsoft.AspNetCore.Routing.EndpointMiddleware.Invoke(HttpContext httpContext)
--- End of stack trace from previous location ---
   at YC.ServiceWebApi.Middleware.ExceptionMiddleware.Invoke(HttpContext context) in H:\Code\giteeCode\MicroServicePro\src\BasicAppLayer\YC.ServiceWebApi\Middleware\ExceptionMiddleware.cs:line 35
#Pro #{"SourceContext":"YC.ServiceWebApi.Middleware.ExceptionMiddleware","RequestId":"0HM8FHU6EPIMN:00000007","RequestPath":"/api/Identity/GetTokenByLogin","ConnectionId":"0HM8FHU6EPIMN"}
#Exc#--------------------------------------------------
【ERR】2021-05-05 14:38:35.458
#Msg#System.InvalidOperationException: Unable to resolve service for type 'YC.ApplicationService.SysAuditLogAppService' while attempting to activate 'YC.ServiceWebApi.Filter.AOPActionFilterAttribute'.
   at Microsoft.Extensions.DependencyInjection.ActivatorUtilities.GetService(IServiceProvider sp, Type type, Type requiredBy, Boolean isDefaultParameterRequired)
   at lambda_method547(Closure , IServiceProvider , Object[] )
   at Microsoft.AspNetCore.Mvc.TypeFilterAttribute.CreateInstance(IServiceProvider serviceProvider)
   at Microsoft.AspNetCore.Mvc.Filters.DefaultFilterProvider.ProvideFilter(FilterProviderContext context, FilterItem filterItem)
   at Microsoft.AspNetCore.Mvc.Filters.DefaultFilterProvider.OnProvidersExecuting(FilterProviderContext context)
   at Microsoft.AspNetCore.Mvc.Filters.FilterFactory.CreateUncachedFiltersCore(IFilterProvider[] filterProviders, ActionContext actionContext, List`1 filterItems)
   at Microsoft.AspNetCore.Mvc.Filters.FilterFactory.GetAllFilters(IFilterProvider[] filterProviders, ActionContext actionContext)
   at Microsoft.AspNetCore.Mvc.Infrastructure.ControllerActionInvokerCache.GetCachedResult(ControllerContext controllerContext)
   at Microsoft.AspNetCore.Mvc.Infrastructure.ControllerActionInvokerProvider.OnProvidersExecuting(ActionInvokerProviderContext context)
   at Microsoft.AspNetCore.Mvc.Infrastructure.ActionInvokerFactory.CreateInvoker(ActionContext actionContext)
   at Microsoft.AspNetCore.Mvc.Routing.ActionEndpointFactory.<>c__DisplayClass7_0.<CreateRequestDelegate>b__0(HttpContext context)
   at Microsoft.AspNetCore.Routing.EndpointMiddleware.Invoke(HttpContext httpContext)
--- End of stack trace from previous location ---
   at YC.ServiceWebApi.Middleware.ExceptionMiddleware.Invoke(HttpContext context) in H:\Code\giteeCode\MicroServicePro\src\BasicAppLayer\YC.ServiceWebApi\Middleware\ExceptionMiddleware.cs:line 35
#Pro #{"SourceContext":"YC.ServiceWebApi.Middleware.ExceptionMiddleware","RequestId":"0HM8FI1I0344M:00000003","RequestPath":"/api/Identity/GetTokenByLogin","ConnectionId":"0HM8FI1I0344M"}
#Exc#--------------------------------------------------
【ERR】2021-05-05 14:53:31.404
#Msg#System.InvalidOperationException: Unable to resolve service for type 'YC.ApplicationService.SysAuditLogAppService' while attempting to activate 'YC.ServiceWebApi.Filter.AOPActionFilterAttribute'.
   at Microsoft.Extensions.DependencyInjection.ActivatorUtilities.GetService(IServiceProvider sp, Type type, Type requiredBy, Boolean isDefaultParameterRequired)
   at lambda_method566(Closure , IServiceProvider , Object[] )
   at Microsoft.AspNetCore.Mvc.TypeFilterAttribute.CreateInstance(IServiceProvider serviceProvider)
   at Microsoft.AspNetCore.Mvc.Filters.DefaultFilterProvider.ProvideFilter(FilterProviderContext context, FilterItem filterItem)
   at Microsoft.AspNetCore.Mvc.Filters.DefaultFilterProvider.OnProvidersExecuting(FilterProviderContext context)
   at Microsoft.AspNetCore.Mvc.Filters.FilterFactory.CreateUncachedFiltersCore(IFilterProvider[] filterProviders, ActionContext actionContext, List`1 filterItems)
   at Microsoft.AspNetCore.Mvc.Filters.FilterFactory.GetAllFilters(IFilterProvider[] filterProviders, ActionContext actionContext)
   at Microsoft.AspNetCore.Mvc.Infrastructure.ControllerActionInvokerCache.GetCachedResult(ControllerContext controllerContext)
   at Microsoft.AspNetCore.Mvc.Infrastructure.ControllerActionInvokerProvider.OnProvidersExecuting(ActionInvokerProviderContext context)
   at Microsoft.AspNetCore.Mvc.Infrastructure.ActionInvokerFactory.CreateInvoker(ActionContext actionContext)
   at Microsoft.AspNetCore.Mvc.Routing.ActionEndpointFactory.<>c__DisplayClass7_0.<CreateRequestDelegate>b__0(HttpContext context)
   at Microsoft.AspNetCore.Routing.EndpointMiddleware.Invoke(HttpContext httpContext)
--- End of stack trace from previous location ---
   at YC.ServiceWebApi.Middleware.ExceptionMiddleware.Invoke(HttpContext context) in H:\Code\giteeCode\MicroServicePro\src\BasicAppLayer\YC.ServiceWebApi\Middleware\ExceptionMiddleware.cs:line 35
#Pro #{"SourceContext":"YC.ServiceWebApi.Middleware.ExceptionMiddleware","RequestId":"0HM8FI9OAJ6H6:00000003","RequestPath":"/api/Identity/GetTokenByLogin","ConnectionId":"0HM8FI9OAJ6H6"}
#Exc#--------------------------------------------------
【ERR】2021-05-05 15:10:16.833
#Msg#System.InvalidOperationException: Unable to resolve service for type 'YC.ApplicationService.UserManager' while attempting to activate 'YC.ServiceWebApi.Filter.AOPActionFilterAttribute'.
   at Microsoft.Extensions.DependencyInjection.ActivatorUtilities.GetService(IServiceProvider sp, Type type, Type requiredBy, Boolean isDefaultParameterRequired)
   at lambda_method566(Closure , IServiceProvider , Object[] )
   at Microsoft.AspNetCore.Mvc.TypeFilterAttribute.CreateInstance(IServiceProvider serviceProvider)
   at Microsoft.AspNetCore.Mvc.Filters.DefaultFilterProvider.ProvideFilter(FilterProviderContext context, FilterItem filterItem)
   at Microsoft.AspNetCore.Mvc.Filters.DefaultFilterProvider.OnProvidersExecuting(FilterProviderContext context)
   at Microsoft.AspNetCore.Mvc.Filters.FilterFactory.CreateUncachedFiltersCore(IFilterProvider[] filterProviders, ActionContext actionContext, List`1 filterItems)
   at Microsoft.AspNetCore.Mvc.Filters.FilterFactory.GetAllFilters(IFilterProvider[] filterProviders, ActionContext actionContext)
   at Microsoft.AspNetCore.Mvc.Infrastructure.ControllerActionInvokerCache.GetCachedResult(ControllerContext controllerContext)
   at Microsoft.AspNetCore.Mvc.Infrastructure.ControllerActionInvokerProvider.OnProvidersExecuting(ActionInvokerProviderContext context)
   at Microsoft.AspNetCore.Mvc.Infrastructure.ActionInvokerFactory.CreateInvoker(ActionContext actionContext)
   at Microsoft.AspNetCore.Mvc.Routing.ActionEndpointFactory.<>c__DisplayClass7_0.<CreateRequestDelegate>b__0(HttpContext context)
   at Microsoft.AspNetCore.Routing.EndpointMiddleware.Invoke(HttpContext httpContext)
--- End of stack trace from previous location ---
   at YC.ServiceWebApi.Middleware.ExceptionMiddleware.Invoke(HttpContext context) in H:\Code\giteeCode\MicroServicePro\src\BasicAppLayer\YC.ServiceWebApi\Middleware\ExceptionMiddleware.cs:line 35
#Pro #{"SourceContext":"YC.ServiceWebApi.Middleware.ExceptionMiddleware","RequestId":"0HM8FIJ4BUFLL:00000003","RequestPath":"/api/Identity/GetTokenByLogin","ConnectionId":"0HM8FIJ4BUFLL"}
#Exc#--------------------------------------------------
【ERR】2021-05-05 15:13:35.837
#Msg#System.InvalidOperationException: Unable to resolve service for type 'YC.ApplicationService.SysAuditLogAppService' while attempting to activate 'YC.ServiceWebApi.Filter.AOPActionFilterAttribute'.
   at Microsoft.Extensions.DependencyInjection.ActivatorUtilities.GetService(IServiceProvider sp, Type type, Type requiredBy, Boolean isDefaultParameterRequired)
   at lambda_method547(Closure , IServiceProvider , Object[] )
   at Microsoft.AspNetCore.Mvc.TypeFilterAttribute.CreateInstance(IServiceProvider serviceProvider)
   at Microsoft.AspNetCore.Mvc.Filters.DefaultFilterProvider.ProvideFilter(FilterProviderContext context, FilterItem filterItem)
   at Microsoft.AspNetCore.Mvc.Filters.DefaultFilterProvider.OnProvidersExecuting(FilterProviderContext context)
   at Microsoft.AspNetCore.Mvc.Filters.FilterFactory.CreateUncachedFiltersCore(IFilterProvider[] filterProviders, ActionContext actionContext, List`1 filterItems)
   at Microsoft.AspNetCore.Mvc.Filters.FilterFactory.GetAllFilters(IFilterProvider[] filterProviders, ActionContext actionContext)
   at Microsoft.AspNetCore.Mvc.Infrastructure.ControllerActionInvokerCache.GetCachedResult(ControllerContext controllerContext)
   at Microsoft.AspNetCore.Mvc.Infrastructure.ControllerActionInvokerProvider.OnProvidersExecuting(ActionInvokerProviderContext context)
   at Microsoft.AspNetCore.Mvc.Infrastructure.ActionInvokerFactory.CreateInvoker(ActionContext actionContext)
   at Microsoft.AspNetCore.Mvc.Routing.ActionEndpointFactory.<>c__DisplayClass7_0.<CreateRequestDelegate>b__0(HttpContext context)
   at Microsoft.AspNetCore.Routing.EndpointMiddleware.Invoke(HttpContext httpContext)
--- End of stack trace from previous location ---
   at YC.ServiceWebApi.Middleware.ExceptionMiddleware.Invoke(HttpContext context) in H:\Code\giteeCode\MicroServicePro\src\BasicAppLayer\YC.ServiceWebApi\Middleware\ExceptionMiddleware.cs:line 35
#Pro #{"SourceContext":"YC.ServiceWebApi.Middleware.ExceptionMiddleware","RequestId":"0HM8FIL4CSL6V:00000003","RequestPath":"/api/Identity/GetTokenByLogin","ConnectionId":"0HM8FIL4CSL6V"}
#Exc#--------------------------------------------------
【ERR】2021-05-05 15:39:39.312
#Msg#System.InvalidOperationException: Unable to resolve service for type 'YC.ApplicationService.SysAuditLogAppService' while attempting to activate 'YC.ServiceWebApi.Filter.AOPActionFilterAttribute'.
   at Microsoft.Extensions.DependencyInjection.ActivatorUtilities.GetService(IServiceProvider sp, Type type, Type requiredBy, Boolean isDefaultParameterRequired)
   at lambda_method568(Closure , IServiceProvider , Object[] )
   at Microsoft.AspNetCore.Mvc.TypeFilterAttribute.CreateInstance(IServiceProvider serviceProvider)
   at Microsoft.AspNetCore.Mvc.Filters.DefaultFilterProvider.ProvideFilter(FilterProviderContext context, FilterItem filterItem)
   at Microsoft.AspNetCore.Mvc.Filters.DefaultFilterProvider.OnProvidersExecuting(FilterProviderContext context)
   at Microsoft.AspNetCore.Mvc.Filters.FilterFactory.CreateUncachedFiltersCore(IFilterProvider[] filterProviders, ActionContext actionContext, List`1 filterItems)
   at Microsoft.AspNetCore.Mvc.Filters.FilterFactory.GetAllFilters(IFilterProvider[] filterProviders, ActionContext actionContext)
   at Microsoft.AspNetCore.Mvc.Infrastructure.ControllerActionInvokerCache.GetCachedResult(ControllerContext controllerContext)
   at Microsoft.AspNetCore.Mvc.Infrastructure.ControllerActionInvokerProvider.OnProvidersExecuting(ActionInvokerProviderContext context)
   at Microsoft.AspNetCore.Mvc.Infrastructure.ActionInvokerFactory.CreateInvoker(ActionContext actionContext)
   at Microsoft.AspNetCore.Mvc.Routing.ActionEndpointFactory.<>c__DisplayClass7_0.<CreateRequestDelegate>b__0(HttpContext context)
   at Microsoft.AspNetCore.Routing.EndpointMiddleware.Invoke(HttpContext httpContext)
--- End of stack trace from previous location ---
   at YC.ServiceWebApi.Middleware.ExceptionMiddleware.Invoke(HttpContext context) in H:\Code\giteeCode\MicroServicePro\src\BasicAppLayer\YC.ServiceWebApi\Middleware\ExceptionMiddleware.cs:line 35
#Pro #{"SourceContext":"YC.ServiceWebApi.Middleware.ExceptionMiddleware","RequestId":"0HM8FJ3KJT7JL:00000003","RequestPath":"/api/Identity/GetTokenByLogin","ConnectionId":"0HM8FJ3KJT7JL"}
#Exc#--------------------------------------------------
【ERR】2021-05-05 15:43:14.429
#Msg#System.InvalidCastException: Unable to cast object of type 'YC.Core.ApiResult`1[System.String]' to type 'YC.Model.SysDbEntity.SysAuditLog'.
   at Castle.Proxies.IBaseRepository`1Proxy_4.Insert(SysAuditLog entity)
   at YC.ApplicationService.SysAuditLogAppService.CreateSysAuditLog(SysAuditLogAddOrEditDto input) in H:\Code\giteeCode\MicroServicePro\src\BasicAppLayer\YC.ApplicationService\ApplicationService\SysAuditLogAppService\SysAuditLogAppService.cs:line 97
   at YC.ServiceWebApi.Filter.AOPActionFilterAttribute.WriteRequestLog(ActionExecutedContext context, RequestInfoDto requestInfo) in H:\Code\giteeCode\MicroServicePro\src\BasicAppLayer\YC.ServiceWebApi\Filter\AOPActionFilterAttribute.cs:line 172
   at YC.ServiceWebApi.Filter.AOPActionFilterAttribute.OnActionExecuted(ActionExecutedContext context) in H:\Code\giteeCode\MicroServicePro\src\BasicAppLayer\YC.ServiceWebApi\Filter\AOPActionFilterAttribute.cs:line 63
   at Microsoft.AspNetCore.Mvc.Filters.ActionFilterAttribute.OnActionExecutionAsync(ActionExecutingContext context, ActionExecutionDelegate next)
   at Microsoft.AspNetCore.Mvc.Infrastructure.ControllerActionInvoker.<InvokeNextActionFilterAsync>g__Awaited|10_0(ControllerActionInvoker invoker, Task lastTask, State next, Scope scope, Object state, Boolean isCompleted)
   at Microsoft.AspNetCore.Mvc.Infrastructure.ControllerActionInvoker.Rethrow(ActionExecutedContextSealed context)
   at Microsoft.AspNetCore.Mvc.Infrastructure.ControllerActionInvoker.Next(State& next, Scope& scope, Object& state, Boolean& isCompleted)
   at Microsoft.AspNetCore.Mvc.Infrastructure.ControllerActionInvoker.InvokeInnerFilterAsync()
--- End of stack trace from previous location ---
   at Microsoft.AspNetCore.Mvc.Infrastructure.ResourceInvoker.<InvokeNextResourceFilter>g__Awaited|24_0(ResourceInvoker invoker, Task lastTask, State next, Scope scope, Object state, Boolean isCompleted)
   at Microsoft.AspNetCore.Mvc.Infrastructure.ResourceInvoker.Rethrow(ResourceExecutedContextSealed context)
   at Microsoft.AspNetCore.Mvc.Infrastructure.ResourceInvoker.Next(State& next, Scope& scope, Object& state, Boolean& isCompleted)
   at Microsoft.AspNetCore.Mvc.Infrastructure.ResourceInvoker.InvokeFilterPipelineAsync()
--- End of stack trace from previous location ---
   at Microsoft.AspNetCore.Mvc.Infrastructure.ResourceInvoker.<InvokeAsync>g__Logged|17_1(ResourceInvoker invoker)
   at Microsoft.AspNetCore.Routing.EndpointMiddleware.<Invoke>g__AwaitRequestTask|6_0(Endpoint endpoint, Task requestTask, ILogger logger)
   at YC.ServiceWebApi.Middleware.ExceptionMiddleware.Invoke(HttpContext context) in H:\Code\giteeCode\MicroServicePro\src\BasicAppLayer\YC.ServiceWebApi\Middleware\ExceptionMiddleware.cs:line 35
#Pro #{"SourceContext":"YC.ServiceWebApi.Middleware.ExceptionMiddleware","RequestId":"0HM8FJ58EIN8F:00000003","RequestPath":"/api/Identity/GetTokenByLogin","ConnectionId":"0HM8FJ58EIN8F"}
#Exc#--------------------------------------------------
【ERR】2021-05-05 15:52:18.346
#Msg#System.InvalidCastException: Unable to cast object of type 'YC.Core.ApiResult`1[System.String]' to type 'YC.Model.SysDbEntity.SysAuditLog'.
   at Castle.Proxies.IBaseRepository`1Proxy_4.Insert(SysAuditLog entity)
   at YC.ApplicationService.SysAuditLogAppService.CreateSysAuditLog(SysAuditLogAddOrEditDto input) in H:\Code\giteeCode\MicroServicePro\src\BasicAppLayer\YC.ApplicationService\ApplicationService\SysAuditLogAppService\SysAuditLogAppService.cs:line 97
   at YC.ServiceWebApi.Filter.AOPActionFilterAttribute.WriteRequestLog(ActionExecutedContext context, RequestInfoDto requestInfo) in H:\Code\giteeCode\MicroServicePro\src\BasicAppLayer\YC.ServiceWebApi\Filter\AOPActionFilterAttribute.cs:line 177
   at YC.ServiceWebApi.Filter.AOPActionFilterAttribute.OnActionExecuted(ActionExecutedContext context) in H:\Code\giteeCode\MicroServicePro\src\BasicAppLayer\YC.ServiceWebApi\Filter\AOPActionFilterAttribute.cs:line 63
   at Microsoft.AspNetCore.Mvc.Filters.ActionFilterAttribute.OnActionExecutionAsync(ActionExecutingContext context, ActionExecutionDelegate next)
   at Microsoft.AspNetCore.Mvc.Infrastructure.ControllerActionInvoker.<InvokeNextActionFilterAsync>g__Awaited|10_0(ControllerActionInvoker invoker, Task lastTask, State next, Scope scope, Object state, Boolean isCompleted)
   at Microsoft.AspNetCore.Mvc.Infrastructure.ControllerActionInvoker.Rethrow(ActionExecutedContextSealed context)
   at Microsoft.AspNetCore.Mvc.Infrastructure.ControllerActionInvoker.Next(State& next, Scope& scope, Object& state, Boolean& isCompleted)
   at Microsoft.AspNetCore.Mvc.Infrastructure.ControllerActionInvoker.InvokeInnerFilterAsync()
--- End of stack trace from previous location ---
   at Microsoft.AspNetCore.Mvc.Infrastructure.ResourceInvoker.<InvokeNextResourceFilter>g__Awaited|24_0(ResourceInvoker invoker, Task lastTask, State next, Scope scope, Object state, Boolean isCompleted)
   at Microsoft.AspNetCore.Mvc.Infrastructure.ResourceInvoker.Rethrow(ResourceExecutedContextSealed context)
   at Microsoft.AspNetCore.Mvc.Infrastructure.ResourceInvoker.Next(State& next, Scope& scope, Object& state, Boolean& isCompleted)
   at Microsoft.AspNetCore.Mvc.Infrastructure.ResourceInvoker.InvokeFilterPipelineAsync()
--- End of stack trace from previous location ---
   at Microsoft.AspNetCore.Mvc.Infrastructure.ResourceInvoker.<InvokeAsync>g__Logged|17_1(ResourceInvoker invoker)
   at Microsoft.AspNetCore.Routing.EndpointMiddleware.<Invoke>g__AwaitRequestTask|6_0(Endpoint endpoint, Task requestTask, ILogger logger)
   at YC.ServiceWebApi.Middleware.ExceptionMiddleware.Invoke(HttpContext context) in H:\Code\giteeCode\MicroServicePro\src\BasicAppLayer\YC.ServiceWebApi\Middleware\ExceptionMiddleware.cs:line 35
#Pro #{"SourceContext":"YC.ServiceWebApi.Middleware.ExceptionMiddleware","RequestId":"0HM8FJ8RRVVTD:00000003","RequestPath":"/api/Identity/GetTokenByLogin","ConnectionId":"0HM8FJ8RRVVTD"}
#Exc#--------------------------------------------------
【ERR】2021-05-05 16:16:43.649
#Msg#StackExchange.Redis.RedisTimeoutException: Timeout performing EXISTS RedisCACHE_USER_ROLE_PEMISSION_tenantId_1_userId_1, inst: 1, queue: 2, qu: 0, qs: 2, qc: 0, wr: 0, wq: 0, in: 0, ar: 0, clientName: DESKTOP-RBUSQQ3, serverEndpoint: 127.0.0.1:6379, keyHashSlot: 8946 (Please take a look at this article for some common client-side issues that can cause timeouts: http://stackexchange.github.io/StackExchange.Redis/Timeouts)
   at StackExchange.Redis.ConnectionMultiplexer.ExecuteSyncImpl[T](Message message, ResultProcessor`1 processor, ServerEndPoint server) in c:\code\StackExchange.Redis\StackExchange.Redis\StackExchange\Redis\ConnectionMultiplexer.cs:line 2120
   at StackExchange.Redis.RedisBase.ExecuteSync[T](Message message, ResultProcessor`1 processor, ServerEndPoint server) in c:\code\StackExchange.Redis\StackExchange.Redis\StackExchange\Redis\RedisBase.cs:line 81
   at StackExchange.Redis.RedisDatabase.KeyExists(RedisKey key, CommandFlags flags) in c:\code\StackExchange.Redis\StackExchange.Redis\StackExchange\Redis\RedisDatabase.cs:line 593
   at YC.Cache.Redis.RedisCacheManager.Exists(String key) in H:\Code\giteeCode\MicroServicePro\src\Module\YC.Cache.Redis\RedisCacheManager.cs:line 45
   at YC.ApplicationService.UserManager.CreateUserRolePermissionCache(UserRolePermissionDto input) in H:\Code\giteeCode\MicroServicePro\src\BasicAppLayer\YC.ApplicationService\AppManager\UserManager.cs:line 79
   at YC.ApplicationService.UserManager.UserLogin(String userId, String pwd, Int32 tenantId) in H:\Code\giteeCode\MicroServicePro\src\BasicAppLayer\YC.ApplicationService\AppManager\UserManager.cs:line 62
   at YC.ServiceWebApi.Controllers.IdentityController.GetTokenByLogin(LoginUserDto loginUserDto) in H:\Code\giteeCode\MicroServicePro\src\BasicAppLayer\YC.ServiceWebApi\Controllers\IdentityController.cs:line 56
   at lambda_method576(Closure , Object , Object[] )
   at Microsoft.AspNetCore.Mvc.Infrastructure.ActionMethodExecutor.SyncActionResultExecutor.Execute(IActionResultTypeMapper mapper, ObjectMethodExecutor executor, Object controller, Object[] arguments)
   at Microsoft.AspNetCore.Mvc.Infrastructure.ControllerActionInvoker.<InvokeActionMethodAsync>g__Logged|12_1(ControllerActionInvoker invoker)
   at Microsoft.AspNetCore.Mvc.Infrastructure.ControllerActionInvoker.<InvokeNextActionFilterAsync>g__Awaited|10_0(ControllerActionInvoker invoker, Task lastTask, State next, Scope scope, Object state, Boolean isCompleted)
   at Microsoft.AspNetCore.Mvc.Infrastructure.ControllerActionInvoker.Rethrow(ActionExecutedContextSealed context)
   at Microsoft.AspNetCore.Mvc.Infrastructure.ControllerActionInvoker.Next(State& next, Scope& scope, Object& state, Boolean& isCompleted)
   at Microsoft.AspNetCore.Mvc.Infrastructure.ControllerActionInvoker.InvokeInnerFilterAsync()
--- End of stack trace from previous location ---
   at Microsoft.AspNetCore.Mvc.Infrastructure.ResourceInvoker.<InvokeNextResourceFilter>g__Awaited|24_0(ResourceInvoker invoker, Task lastTask, State next, Scope scope, Object state, Boolean isCompleted)
   at Microsoft.AspNetCore.Mvc.Infrastructure.ResourceInvoker.Rethrow(ResourceExecutedContextSealed context)
   at Microsoft.AspNetCore.Mvc.Infrastructure.ResourceInvoker.Next(State& next, Scope& scope, Object& state, Boolean& isCompleted)
   at Microsoft.AspNetCore.Mvc.Infrastructure.ResourceInvoker.InvokeFilterPipelineAsync()
--- End of stack trace from previous location ---
   at Microsoft.AspNetCore.Mvc.Infrastructure.ResourceInvoker.<InvokeAsync>g__Logged|17_1(ResourceInvoker invoker)
   at Microsoft.AspNetCore.Routing.EndpointMiddleware.<Invoke>g__AwaitRequestTask|6_0(Endpoint endpoint, Task requestTask, ILogger logger)
   at YC.ServiceWebApi.Middleware.ExceptionMiddleware.Invoke(HttpContext context) in H:\Code\giteeCode\MicroServicePro\src\BasicAppLayer\YC.ServiceWebApi\Middleware\ExceptionMiddleware.cs:line 35
#Pro #{"SourceContext":"YC.ServiceWebApi.Middleware.ExceptionMiddleware","RequestId":"0HM8FJO6L0TK1:00000003","RequestPath":"/api/Identity/GetTokenByLogin","ConnectionId":"0HM8FJO6L0TK1"}
#Exc#--------------------------------------------------
【ERR】2021-05-05 16:47:20.863
#Msg#StackExchange.Redis.RedisTimeoutException: Timeout performing EXISTS RedisCACHE_USER_ROLE_PEMISSION_tenantId_1_userId_1, inst: 1, queue: 2, qu: 0, qs: 2, qc: 0, wr: 0, wq: 0, in: 0, ar: 0, clientName: DESKTOP-RBUSQQ3, serverEndpoint: 127.0.0.1:6379, keyHashSlot: 8946 (Please take a look at this article for some common client-side issues that can cause timeouts: http://stackexchange.github.io/StackExchange.Redis/Timeouts)
   at StackExchange.Redis.ConnectionMultiplexer.ExecuteSyncImpl[T](Message message, ResultProcessor`1 processor, ServerEndPoint server) in c:\code\StackExchange.Redis\StackExchange.Redis\StackExchange\Redis\ConnectionMultiplexer.cs:line 2120
   at StackExchange.Redis.RedisBase.ExecuteSync[T](Message message, ResultProcessor`1 processor, ServerEndPoint server) in c:\code\StackExchange.Redis\StackExchange.Redis\StackExchange\Redis\RedisBase.cs:line 81
   at StackExchange.Redis.RedisDatabase.KeyExists(RedisKey key, CommandFlags flags) in c:\code\StackExchange.Redis\StackExchange.Redis\StackExchange\Redis\RedisDatabase.cs:line 593
   at YC.Cache.Redis.RedisCacheManager.Exists(String key) in H:\Code\giteeCode\MicroServicePro\src\Module\YC.Cache.Redis\RedisCacheManager.cs:line 45
   at YC.ApplicationService.UserManager.CreateUserRolePermissionCache(UserRolePermissionDto input) in H:\Code\giteeCode\MicroServicePro\src\BasicAppLayer\YC.ApplicationService\AppManager\UserManager.cs:line 79
   at YC.ApplicationService.UserManager.UserLogin(String userId, String pwd, Int32 tenantId) in H:\Code\giteeCode\MicroServicePro\src\BasicAppLayer\YC.ApplicationService\AppManager\UserManager.cs:line 62
   at YC.ServiceWebApi.Controllers.IdentityController.GetTokenByLogin(LoginUserDto loginUserDto) in H:\Code\giteeCode\MicroServicePro\src\BasicAppLayer\YC.ServiceWebApi\Controllers\IdentityController.cs:line 56
   at lambda_method700(Closure , Object , Object[] )
   at Microsoft.AspNetCore.Mvc.Infrastructure.ActionMethodExecutor.SyncActionResultExecutor.Execute(IActionResultTypeMapper mapper, ObjectMethodExecutor executor, Object controller, Object[] arguments)
   at Microsoft.AspNetCore.Mvc.Infrastructure.ControllerActionInvoker.<InvokeActionMethodAsync>g__Logged|12_1(ControllerActionInvoker invoker)
   at Microsoft.AspNetCore.Mvc.Infrastructure.ControllerActionInvoker.<InvokeNextActionFilterAsync>g__Awaited|10_0(ControllerActionInvoker invoker, Task lastTask, State next, Scope scope, Object state, Boolean isCompleted)
   at Microsoft.AspNetCore.Mvc.Infrastructure.ControllerActionInvoker.Rethrow(ActionExecutedContextSealed context)
   at Microsoft.AspNetCore.Mvc.Infrastructure.ControllerActionInvoker.Next(State& next, Scope& scope, Object& state, Boolean& isCompleted)
   at Microsoft.AspNetCore.Mvc.Infrastructure.ControllerActionInvoker.InvokeInnerFilterAsync()
--- End of stack trace from previous location ---
   at Microsoft.AspNetCore.Mvc.Infrastructure.ResourceInvoker.<InvokeNextResourceFilter>g__Awaited|24_0(ResourceInvoker invoker, Task lastTask, State next, Scope scope, Object state, Boolean isCompleted)
   at Microsoft.AspNetCore.Mvc.Infrastructure.ResourceInvoker.Rethrow(ResourceExecutedContextSealed context)
   at Microsoft.AspNetCore.Mvc.Infrastructure.ResourceInvoker.Next(State& next, Scope& scope, Object& state, Boolean& isCompleted)
   at Microsoft.AspNetCore.Mvc.Infrastructure.ResourceInvoker.InvokeFilterPipelineAsync()
--- End of stack trace from previous location ---
   at Microsoft.AspNetCore.Mvc.Infrastructure.ResourceInvoker.<InvokeAsync>g__Logged|17_1(ResourceInvoker invoker)
   at Microsoft.AspNetCore.Routing.EndpointMiddleware.<Invoke>g__AwaitRequestTask|6_0(Endpoint endpoint, Task requestTask, ILogger logger)
   at YC.ServiceWebApi.Middleware.ExceptionMiddleware.Invoke(HttpContext context) in H:\Code\giteeCode\MicroServicePro\src\BasicAppLayer\YC.ServiceWebApi\Middleware\ExceptionMiddleware.cs:line 35
#Pro #{"SourceContext":"YC.ServiceWebApi.Middleware.ExceptionMiddleware","RequestId":"0HM8FK9AQ4EO0:00000007","RequestPath":"/api/Identity/GetTokenByLogin","ConnectionId":"0HM8FK9AQ4EO0"}
#Exc#--------------------------------------------------
【ERR】2021-05-05 17:21:22.499
#Msg#System.IO.IOException: The client reset the request stream.
   at Microsoft.AspNetCore.Server.Kestrel.Core.Internal.Http.HttpRequestStream.ReadAsyncInternal(Memory`1 destination, CancellationToken cancellationToken)
   at Microsoft.AspNetCore.WebUtilities.FileBufferingReadStream.ReadAsync(Memory`1 buffer, CancellationToken cancellationToken)
   at Microsoft.AspNetCore.WebUtilities.StreamHelperExtensions.DrainAsync(Stream stream, ArrayPool`1 bytePool, Nullable`1 limit, CancellationToken cancellationToken)
   at Microsoft.AspNetCore.Mvc.Formatters.NewtonsoftJsonInputFormatter.ReadRequestBodyAsync(InputFormatterContext context, Encoding encoding)
   at Microsoft.AspNetCore.Mvc.ModelBinding.Binders.BodyModelBinder.BindModelAsync(ModelBindingContext bindingContext)
   at Microsoft.AspNetCore.Mvc.ModelBinding.ParameterBinder.BindModelAsync(ActionContext actionContext, IModelBinder modelBinder, IValueProvider valueProvider, ParameterDescriptor parameter, ModelMetadata metadata, Object value, Object container)
   at Microsoft.AspNetCore.Mvc.Controllers.ControllerBinderDelegateProvider.<>c__DisplayClass0_0.<<CreateBinderDelegate>g__Bind|0>d.MoveNext()
--- End of stack trace from previous location ---
   at Microsoft.AspNetCore.Mvc.Infrastructure.ControllerActionInvoker.<InvokeInnerFilterAsync>g__Awaited|13_0(ControllerActionInvoker invoker, Task lastTask, State next, Scope scope, Object state, Boolean isCompleted)
   at Microsoft.AspNetCore.Mvc.Infrastructure.ResourceInvoker.<InvokeNextResourceFilter>g__Awaited|24_0(ResourceInvoker invoker, Task lastTask, State next, Scope scope, Object state, Boolean isCompleted)
   at Microsoft.AspNetCore.Mvc.Infrastructure.ResourceInvoker.Rethrow(ResourceExecutedContextSealed context)
   at Microsoft.AspNetCore.Mvc.Infrastructure.ResourceInvoker.Next(State& next, Scope& scope, Object& state, Boolean& isCompleted)
   at Microsoft.AspNetCore.Mvc.Infrastructure.ResourceInvoker.InvokeFilterPipelineAsync()
--- End of stack trace from previous location ---
   at Microsoft.AspNetCore.Mvc.Infrastructure.ResourceInvoker.<InvokeAsync>g__Logged|17_1(ResourceInvoker invoker)
   at Microsoft.AspNetCore.Routing.EndpointMiddleware.<Invoke>g__AwaitRequestTask|6_0(Endpoint endpoint, Task requestTask, ILogger logger)
   at YC.ServiceWebApi.Middleware.ExceptionMiddleware.Invoke(HttpContext context) in H:\Code\giteeCode\MicroServicePro\src\BasicAppLayer\YC.ServiceWebApi\Middleware\ExceptionMiddleware.cs:line 35
#Pro #{"SourceContext":"YC.ServiceWebApi.Middleware.ExceptionMiddleware","RequestId":"0HM8FKSDCCH1U:00000003","RequestPath":"/api/SysPermission/GetSysPermissionList","ConnectionId":"0HM8FKSDCCH1U"}
#Exc#--------------------------------------------------
【ERR】2021-05-05 17:24:23.909
#Msg#System.Exception: 错误信息：没有对应的访问权限！
   at YC.ServiceWebApi.Filter.AOPActionFilterAttribute.OnActionExecuting(ActionExecutingContext context) in H:\Code\giteeCode\MicroServicePro\src\BasicAppLayer\YC.ServiceWebApi\Filter\AOPActionFilterAttribute.cs:line 137
   at Microsoft.AspNetCore.Mvc.Filters.ActionFilterAttribute.OnActionExecutionAsync(ActionExecutingContext context, ActionExecutionDelegate next)
   at Microsoft.AspNetCore.Mvc.Infrastructure.ControllerActionInvoker.<InvokeNextActionFilterAsync>g__Awaited|10_0(ControllerActionInvoker invoker, Task lastTask, State next, Scope scope, Object state, Boolean isCompleted)
   at Microsoft.AspNetCore.Mvc.Infrastructure.ControllerActionInvoker.Rethrow(ActionExecutedContextSealed context)
   at Microsoft.AspNetCore.Mvc.Infrastructure.ControllerActionInvoker.Next(State& next, Scope& scope, Object& state, Boolean& isCompleted)
   at Microsoft.AspNetCore.Mvc.Infrastructure.ControllerActionInvoker.InvokeInnerFilterAsync()
--- End of stack trace from previous location ---
   at Microsoft.AspNetCore.Mvc.Infrastructure.ResourceInvoker.<InvokeNextResourceFilter>g__Awaited|24_0(ResourceInvoker invoker, Task lastTask, State next, Scope scope, Object state, Boolean isCompleted)
   at Microsoft.AspNetCore.Mvc.Infrastructure.ResourceInvoker.Rethrow(ResourceExecutedContextSealed context)
   at Microsoft.AspNetCore.Mvc.Infrastructure.ResourceInvoker.Next(State& next, Scope& scope, Object& state, Boolean& isCompleted)
   at Microsoft.AspNetCore.Mvc.Infrastructure.ResourceInvoker.InvokeFilterPipelineAsync()
--- End of stack trace from previous location ---
   at Microsoft.AspNetCore.Mvc.Infrastructure.ResourceInvoker.<InvokeAsync>g__Logged|17_1(ResourceInvoker invoker)
   at Microsoft.AspNetCore.Routing.EndpointMiddleware.<Invoke>g__AwaitRequestTask|6_0(Endpoint endpoint, Task requestTask, ILogger logger)
   at YC.ServiceWebApi.Middleware.ExceptionMiddleware.Invoke(HttpContext context) in H:\Code\giteeCode\MicroServicePro\src\BasicAppLayer\YC.ServiceWebApi\Middleware\ExceptionMiddleware.cs:line 35
#Pro #{"SourceContext":"YC.ServiceWebApi.Middleware.ExceptionMiddleware","RequestId":"0HM8FKSDCCH2G:00000003","RequestPath":"/api/SysOrganization/GetSysOrganizationList","ConnectionId":"0HM8FKSDCCH2G"}
#Exc#--------------------------------------------------
【ERR】2021-05-05 17:31:35.351
#Msg#System.Exception: 错误信息：没有对应的访问权限！
   at YC.ServiceWebApi.Filter.AOPActionFilterAttribute.OnActionExecuting(ActionExecutingContext context) in H:\Code\giteeCode\MicroServicePro\src\BasicAppLayer\YC.ServiceWebApi\Filter\AOPActionFilterAttribute.cs:line 137
   at Microsoft.AspNetCore.Mvc.Filters.ActionFilterAttribute.OnActionExecutionAsync(ActionExecutingContext context, ActionExecutionDelegate next)
   at Microsoft.AspNetCore.Mvc.Infrastructure.ControllerActionInvoker.<InvokeNextActionFilterAsync>g__Awaited|10_0(ControllerActionInvoker invoker, Task lastTask, State next, Scope scope, Object state, Boolean isCompleted)
   at Microsoft.AspNetCore.Mvc.Infrastructure.ControllerActionInvoker.Rethrow(ActionExecutedContextSealed context)
   at Microsoft.AspNetCore.Mvc.Infrastructure.ControllerActionInvoker.Next(State& next, Scope& scope, Object& state, Boolean& isCompleted)
   at Microsoft.AspNetCore.Mvc.Infrastructure.ControllerActionInvoker.InvokeInnerFilterAsync()
--- End of stack trace from previous location ---
   at Microsoft.AspNetCore.Mvc.Infrastructure.ResourceInvoker.<InvokeNextResourceFilter>g__Awaited|24_0(ResourceInvoker invoker, Task lastTask, State next, Scope scope, Object state, Boolean isCompleted)
   at Microsoft.AspNetCore.Mvc.Infrastructure.ResourceInvoker.Rethrow(ResourceExecutedContextSealed context)
   at Microsoft.AspNetCore.Mvc.Infrastructure.ResourceInvoker.Next(State& next, Scope& scope, Object& state, Boolean& isCompleted)
   at Microsoft.AspNetCore.Mvc.Infrastructure.ResourceInvoker.InvokeFilterPipelineAsync()
--- End of stack trace from previous location ---
   at Microsoft.AspNetCore.Mvc.Infrastructure.ResourceInvoker.<InvokeAsync>g__Logged|17_1(ResourceInvoker invoker)
   at Microsoft.AspNetCore.Routing.EndpointMiddleware.<Invoke>g__AwaitRequestTask|6_0(Endpoint endpoint, Task requestTask, ILogger logger)
   at YC.ServiceWebApi.Middleware.ExceptionMiddleware.Invoke(HttpContext context) in H:\Code\giteeCode\MicroServicePro\src\BasicAppLayer\YC.ServiceWebApi\Middleware\ExceptionMiddleware.cs:line 35
#Pro #{"SourceContext":"YC.ServiceWebApi.Middleware.ExceptionMiddleware","RequestId":"0HM8FKSDCCH2O:00000003","RequestPath":"/api/SysOrganization/GetSysOrganizationList","ConnectionId":"0HM8FKSDCCH2O"}
#Exc#--------------------------------------------------
【ERR】2021-05-05 17:31:43.970
#Msg#System.Exception: 错误信息：没有对应的访问权限！
   at YC.ServiceWebApi.Filter.AOPActionFilterAttribute.OnActionExecuting(ActionExecutingContext context) in H:\Code\giteeCode\MicroServicePro\src\BasicAppLayer\YC.ServiceWebApi\Filter\AOPActionFilterAttribute.cs:line 137
   at Microsoft.AspNetCore.Mvc.Filters.ActionFilterAttribute.OnActionExecutionAsync(ActionExecutingContext context, ActionExecutionDelegate next)
   at Microsoft.AspNetCore.Mvc.Infrastructure.ControllerActionInvoker.<InvokeNextActionFilterAsync>g__Awaited|10_0(ControllerActionInvoker invoker, Task lastTask, State next, Scope scope, Object state, Boolean isCompleted)
   at Microsoft.AspNetCore.Mvc.Infrastructure.ControllerActionInvoker.Rethrow(ActionExecutedContextSealed context)
   at Microsoft.AspNetCore.Mvc.Infrastructure.ControllerActionInvoker.Next(State& next, Scope& scope, Object& state, Boolean& isCompleted)
   at Microsoft.AspNetCore.Mvc.Infrastructure.ControllerActionInvoker.InvokeInnerFilterAsync()
--- End of stack trace from previous location ---
   at Microsoft.AspNetCore.Mvc.Infrastructure.ResourceInvoker.<InvokeNextResourceFilter>g__Awaited|24_0(ResourceInvoker invoker, Task lastTask, State next, Scope scope, Object state, Boolean isCompleted)
   at Microsoft.AspNetCore.Mvc.Infrastructure.ResourceInvoker.Rethrow(ResourceExecutedContextSealed context)
   at Microsoft.AspNetCore.Mvc.Infrastructure.ResourceInvoker.Next(State& next, Scope& scope, Object& state, Boolean& isCompleted)
   at Microsoft.AspNetCore.Mvc.Infrastructure.ResourceInvoker.InvokeFilterPipelineAsync()
--- End of stack trace from previous location ---
   at Microsoft.AspNetCore.Mvc.Infrastructure.ResourceInvoker.<InvokeAsync>g__Logged|17_1(ResourceInvoker invoker)
   at Microsoft.AspNetCore.Routing.EndpointMiddleware.<Invoke>g__AwaitRequestTask|6_0(Endpoint endpoint, Task requestTask, ILogger logger)
   at YC.ServiceWebApi.Middleware.ExceptionMiddleware.Invoke(HttpContext context) in H:\Code\giteeCode\MicroServicePro\src\BasicAppLayer\YC.ServiceWebApi\Middleware\ExceptionMiddleware.cs:line 35
#Pro #{"SourceContext":"YC.ServiceWebApi.Middleware.ExceptionMiddleware","RequestId":"0HM8FKSDCCH2O:00000007","RequestPath":"/api/SysOrganization/GetSysOrganizationList","ConnectionId":"0HM8FKSDCCH2O"}
#Exc#--------------------------------------------------
【ERR】2021-05-05 17:34:06.991
#Msg#System.Exception: 错误信息：没有对应的访问权限！
   at YC.ServiceWebApi.Filter.AOPActionFilterAttribute.OnActionExecuting(ActionExecutingContext context) in H:\Code\giteeCode\MicroServicePro\src\BasicAppLayer\YC.ServiceWebApi\Filter\AOPActionFilterAttribute.cs:line 137
   at Microsoft.AspNetCore.Mvc.Filters.ActionFilterAttribute.OnActionExecutionAsync(ActionExecutingContext context, ActionExecutionDelegate next)
   at Microsoft.AspNetCore.Mvc.Infrastructure.ControllerActionInvoker.<InvokeNextActionFilterAsync>g__Awaited|10_0(ControllerActionInvoker invoker, Task lastTask, State next, Scope scope, Object state, Boolean isCompleted)
   at Microsoft.AspNetCore.Mvc.Infrastructure.ControllerActionInvoker.Rethrow(ActionExecutedContextSealed context)
   at Microsoft.AspNetCore.Mvc.Infrastructure.ControllerActionInvoker.Next(State& next, Scope& scope, Object& state, Boolean& isCompleted)
   at Microsoft.AspNetCore.Mvc.Infrastructure.ControllerActionInvoker.InvokeInnerFilterAsync()
--- End of stack trace from previous location ---
   at Microsoft.AspNetCore.Mvc.Infrastructure.ResourceInvoker.<InvokeNextResourceFilter>g__Awaited|24_0(ResourceInvoker invoker, Task lastTask, State next, Scope scope, Object state, Boolean isCompleted)
   at Microsoft.AspNetCore.Mvc.Infrastructure.ResourceInvoker.Rethrow(ResourceExecutedContextSealed context)
   at Microsoft.AspNetCore.Mvc.Infrastructure.ResourceInvoker.Next(State& next, Scope& scope, Object& state, Boolean& isCompleted)
   at Microsoft.AspNetCore.Mvc.Infrastructure.ResourceInvoker.InvokeFilterPipelineAsync()
--- End of stack trace from previous location ---
   at Microsoft.AspNetCore.Mvc.Infrastructure.ResourceInvoker.<InvokeAsync>g__Logged|17_1(ResourceInvoker invoker)
   at Microsoft.AspNetCore.Routing.EndpointMiddleware.<Invoke>g__AwaitRequestTask|6_0(Endpoint endpoint, Task requestTask, ILogger logger)
   at YC.ServiceWebApi.Middleware.ExceptionMiddleware.Invoke(HttpContext context) in H:\Code\giteeCode\MicroServicePro\src\BasicAppLayer\YC.ServiceWebApi\Middleware\ExceptionMiddleware.cs:line 35
#Pro #{"SourceContext":"YC.ServiceWebApi.Middleware.ExceptionMiddleware","RequestId":"0HM8FKSDCCH2O:0000000F","RequestPath":"/api/SysOrganization/GetSysOrganizationList","ConnectionId":"0HM8FKSDCCH2O"}
#Exc#--------------------------------------------------
【ERR】2021-05-05 17:35:34.166
#Msg#System.Exception: 错误信息：没有对应的访问权限！
   at YC.ServiceWebApi.Filter.AOPActionFilterAttribute.OnActionExecuting(ActionExecutingContext context) in H:\Code\giteeCode\MicroServicePro\src\BasicAppLayer\YC.ServiceWebApi\Filter\AOPActionFilterAttribute.cs:line 137
   at Microsoft.AspNetCore.Mvc.Filters.ActionFilterAttribute.OnActionExecutionAsync(ActionExecutingContext context, ActionExecutionDelegate next)
   at Microsoft.AspNetCore.Mvc.Infrastructure.ControllerActionInvoker.<InvokeNextActionFilterAsync>g__Awaited|10_0(ControllerActionInvoker invoker, Task lastTask, State next, Scope scope, Object state, Boolean isCompleted)
   at Microsoft.AspNetCore.Mvc.Infrastructure.ControllerActionInvoker.Rethrow(ActionExecutedContextSealed context)
   at Microsoft.AspNetCore.Mvc.Infrastructure.ControllerActionInvoker.Next(State& next, Scope& scope, Object& state, Boolean& isCompleted)
   at Microsoft.AspNetCore.Mvc.Infrastructure.ControllerActionInvoker.InvokeInnerFilterAsync()
--- End of stack trace from previous location ---
   at Microsoft.AspNetCore.Mvc.Infrastructure.ResourceInvoker.<InvokeNextResourceFilter>g__Awaited|24_0(ResourceInvoker invoker, Task lastTask, State next, Scope scope, Object state, Boolean isCompleted)
   at Microsoft.AspNetCore.Mvc.Infrastructure.ResourceInvoker.Rethrow(ResourceExecutedContextSealed context)
   at Microsoft.AspNetCore.Mvc.Infrastructure.ResourceInvoker.Next(State& next, Scope& scope, Object& state, Boolean& isCompleted)
   at Microsoft.AspNetCore.Mvc.Infrastructure.ResourceInvoker.InvokeFilterPipelineAsync()
--- End of stack trace from previous location ---
   at Microsoft.AspNetCore.Mvc.Infrastructure.ResourceInvoker.<InvokeAsync>g__Logged|17_1(ResourceInvoker invoker)
   at Microsoft.AspNetCore.Routing.EndpointMiddleware.<Invoke>g__AwaitRequestTask|6_0(Endpoint endpoint, Task requestTask, ILogger logger)
   at YC.ServiceWebApi.Middleware.ExceptionMiddleware.Invoke(HttpContext context) in H:\Code\giteeCode\MicroServicePro\src\BasicAppLayer\YC.ServiceWebApi\Middleware\ExceptionMiddleware.cs:line 35
#Pro #{"SourceContext":"YC.ServiceWebApi.Middleware.ExceptionMiddleware","RequestId":"0HM8FKSDCCH2O:00000017","RequestPath":"/api/SysOrganization/GetSysOrganizationList","ConnectionId":"0HM8FKSDCCH2O"}
#Exc#--------------------------------------------------
【ERR】2021-05-05 17:51:54.806
#Msg#System.Exception: 错误信息：没有对应的访问权限！
   at YC.ServiceWebApi.Filter.AOPActionFilterAttribute.OnActionExecuting(ActionExecutingContext context) in H:\Code\giteeCode\MicroServicePro\src\BasicAppLayer\YC.ServiceWebApi\Filter\AOPActionFilterAttribute.cs:line 137
   at Microsoft.AspNetCore.Mvc.Filters.ActionFilterAttribute.OnActionExecutionAsync(ActionExecutingContext context, ActionExecutionDelegate next)
   at Microsoft.AspNetCore.Mvc.Infrastructure.ControllerActionInvoker.<InvokeNextActionFilterAsync>g__Awaited|10_0(ControllerActionInvoker invoker, Task lastTask, State next, Scope scope, Object state, Boolean isCompleted)
   at Microsoft.AspNetCore.Mvc.Infrastructure.ControllerActionInvoker.Rethrow(ActionExecutedContextSealed context)
   at Microsoft.AspNetCore.Mvc.Infrastructure.ControllerActionInvoker.Next(State& next, Scope& scope, Object& state, Boolean& isCompleted)
   at Microsoft.AspNetCore.Mvc.Infrastructure.ControllerActionInvoker.InvokeInnerFilterAsync()
--- End of stack trace from previous location ---
   at Microsoft.AspNetCore.Mvc.Infrastructure.ResourceInvoker.<InvokeNextResourceFilter>g__Awaited|24_0(ResourceInvoker invoker, Task lastTask, State next, Scope scope, Object state, Boolean isCompleted)
   at Microsoft.AspNetCore.Mvc.Infrastructure.ResourceInvoker.Rethrow(ResourceExecutedContextSealed context)
   at Microsoft.AspNetCore.Mvc.Infrastructure.ResourceInvoker.Next(State& next, Scope& scope, Object& state, Boolean& isCompleted)
   at Microsoft.AspNetCore.Mvc.Infrastructure.ResourceInvoker.InvokeFilterPipelineAsync()
--- End of stack trace from previous location ---
   at Microsoft.AspNetCore.Mvc.Infrastructure.ResourceInvoker.<InvokeAsync>g__Logged|17_1(ResourceInvoker invoker)
   at Microsoft.AspNetCore.Routing.EndpointMiddleware.<Invoke>g__AwaitRequestTask|6_0(Endpoint endpoint, Task requestTask, ILogger logger)
   at YC.ServiceWebApi.Middleware.ExceptionMiddleware.Invoke(HttpContext context) in H:\Code\giteeCode\MicroServicePro\src\BasicAppLayer\YC.ServiceWebApi\Middleware\ExceptionMiddleware.cs:line 35
#Pro #{"SourceContext":"YC.ServiceWebApi.Middleware.ExceptionMiddleware","RequestId":"0HM8FLC5J9VOT:00000007","RequestPath":"/api/SysOrganization/GetSysOrganizationFilterByPid","ConnectionId":"0HM8FLC5J9VOT"}
#Exc#--------------------------------------------------